0 verbose cli /Users/quest/.nvm/versions/node/v16.20.2/bin/node /Users/quest/.nvm/versions/node/v16.20.2/bin/npm
1 info using npm@8.19.4
2 info using node@v16.20.2
3 timing npm:load:whichnode Completed in 0ms
4 timing config:load:defaults Completed in 1ms
5 timing config:load:file:/Users/quest/.nvm/versions/node/v16.20.2/lib/node_modules/npm/npmrc Completed in 0ms
6 timing config:load:builtin Completed in 0ms
7 timing config:load:cli Completed in 2ms
8 timing config:load:env Completed in 1ms
9 timing config:load:file:/Users/quest/Downloads/Software Engineer Portfolio Website/.npmrc Completed in 0ms
10 timing config:load:project Completed in 2ms
11 timing config:load:file:/Users/quest/.npmrc Completed in 0ms
12 timing config:load:user Completed in 0ms
13 timing config:load:file:/Users/quest/.nvm/versions/node/v16.20.2/etc/npmrc Completed in 0ms
14 timing config:load:global Completed in 0ms
15 timing config:load:validate Completed in 1ms
16 timing config:load:credentials Completed in 0ms
17 timing config:load:setEnvs Completed in 1ms
18 timing config:load Completed in 8ms
19 timing npm:load:configload Completed in 8ms
20 timing npm:load:mkdirpcache Completed in 3ms
21 timing npm:load:mkdirplogs Completed in 1ms
22 verbose title npm install @types/react @types/react-dom
23 verbose argv "install" "--save-dev" "@types/react" "@types/react-dom"
24 timing npm:load:setTitle Completed in 1ms
25 timing config:load:flatten Completed in 2ms
26 timing npm:load:display Completed in 2ms
27 verbose logfile logs-max:10 dir:/Users/quest/Downloads/Software Engineer Portfolio Website/.npm-cache/_logs
28 verbose logfile /Users/quest/Downloads/Software Engineer Portfolio Website/.npm-cache/_logs/2025-11-24T08_58_33_643Z-debug-0.log
29 timing npm:load:logFile Completed in 4ms
30 timing npm:load:timers Completed in 0ms
31 timing npm:load:configScope Completed in 1ms
32 timing npm:load Completed in 21ms
33 timing arborist:ctor Completed in 0ms
34 silly logfile done cleaning log files
35 timing idealTree:init Completed in 104ms
36 timing idealTree:userRequests Completed in 5ms
37 silly idealTree buildDeps
38 silly fetch manifest @types/react@*
39 verbose shrinkwrap failed to load node_modules/.package-lock.json out of date, updated: node_modules
40 http fetch GET 200 https://registry.npmjs.org/npm 451ms (cache miss)
41 http fetch GET 200 https://registry.npmjs.org/@types%2freact 405ms (cache miss)
42 silly fetch manifest @types/react-dom@*
43 http fetch GET 200 https://registry.npmjs.org/@types%2freact-dom 102ms (cache miss)
44 silly placeDep ROOT @types/react@19.2.6 OK for: Software Engineer Portfolio Website@0.1.0 want: *
45 silly placeDep ROOT @types/react-dom@19.2.3 OK for: Software Engineer Portfolio Website@0.1.0 want: *
46 timing idealTree:#root Completed in 523ms
47 timing idealTree:node_modules/@types/react Completed in 0ms
48 timing idealTree:node_modules/@types/react-dom Completed in 0ms
49 timing idealTree:buildDeps Completed in 523ms
50 timing idealTree:fixDepFlags Completed in 3ms
51 warn EBADENGINE Unsupported engine {
51 warn EBADENGINE   package: 'esbuild@0.25.12',
51 warn EBADENGINE   required: { node: '>=18' },
51 warn EBADENGINE   current: { node: 'v16.20.2', npm: '8.19.4' }
51 warn EBADENGINE }
52 warn EBADENGINE Unsupported engine {
52 warn EBADENGINE   package: 'react-hook-form@7.66.1',
52 warn EBADENGINE   required: { node: '>=18.0.0' },
52 warn EBADENGINE   current: { node: 'v16.20.2', npm: '8.19.4' }
52 warn EBADENGINE }
53 warn EBADENGINE Unsupported engine {
53 warn EBADENGINE   package: 'rollup@4.53.3',
53 warn EBADENGINE   required: { node: '>=18.0.0', npm: '>=8.0.0' },
53 warn EBADENGINE   current: { node: 'v16.20.2', npm: '8.19.4' }
53 warn EBADENGINE }
54 warn EBADENGINE Unsupported engine {
54 warn EBADENGINE   package: 'vite@6.3.5',
54 warn EBADENGINE   required: { node: '^18.0.0 || ^20.0.0 || >=22.0.0' },
54 warn EBADENGINE   current: { node: 'v16.20.2', npm: '8.19.4' }
54 warn EBADENGINE }
55 timing idealTree Completed in 641ms
56 timing reify:loadTrees Completed in 641ms
57 timing reify:diffTrees Completed in 4ms
58 silly reify moves {}
59 timing reify:retireShallow Completed in 0ms
60 timing reify:createSparse Completed in 8ms
61 timing reify:loadBundles Completed in 0ms
62 silly audit bulk request {
62 silly audit   '@babel/runtime': [ '7.28.4' ],
62 silly audit   '@esbuild/aix-ppc64': [ '0.25.12' ],
62 silly audit   '@esbuild/android-arm': [ '0.25.12' ],
62 silly audit   '@esbuild/android-arm64': [ '0.25.12' ],
62 silly audit   '@esbuild/android-x64': [ '0.25.12' ],
62 silly audit   '@esbuild/darwin-arm64': [ '0.25.12' ],
62 silly audit   '@esbuild/darwin-x64': [ '0.25.12' ],
62 silly audit   '@esbuild/freebsd-arm64': [ '0.25.12' ],
62 silly audit   '@esbuild/freebsd-x64': [ '0.25.12' ],
62 silly audit   '@esbuild/linux-arm': [ '0.25.12' ],
62 silly audit   '@esbuild/linux-arm64': [ '0.25.12' ],
62 silly audit   '@esbuild/linux-ia32': [ '0.25.12' ],
62 silly audit   '@esbuild/linux-loong64': [ '0.25.12' ],
62 silly audit   '@esbuild/linux-mips64el': [ '0.25.12' ],
62 silly audit   '@esbuild/linux-ppc64': [ '0.25.12' ],
62 silly audit   '@esbuild/linux-riscv64': [ '0.25.12' ],
62 silly audit   '@esbuild/linux-s390x': [ '0.25.12' ],
62 silly audit   '@esbuild/linux-x64': [ '0.25.12' ],
62 silly audit   '@esbuild/netbsd-arm64': [ '0.25.12' ],
62 silly audit   '@esbuild/netbsd-x64': [ '0.25.12' ],
62 silly audit   '@esbuild/openbsd-arm64': [ '0.25.12' ],
62 silly audit   '@esbuild/openbsd-x64': [ '0.25.12' ],
62 silly audit   '@esbuild/openharmony-arm64': [ '0.25.12' ],
62 silly audit   '@esbuild/sunos-x64': [ '0.25.12' ],
62 silly audit   '@esbuild/win32-arm64': [ '0.25.12' ],
62 silly audit   '@esbuild/win32-ia32': [ '0.25.12' ],
62 silly audit   '@esbuild/win32-x64': [ '0.25.12' ],
62 silly audit   '@floating-ui/core': [ '1.7.3' ],
62 silly audit   '@floating-ui/dom': [ '1.7.4' ],
62 silly audit   '@floating-ui/react-dom': [ '2.1.6' ],
62 silly audit   '@floating-ui/utils': [ '0.2.10' ],
62 silly audit   '@radix-ui/number': [ '1.1.1' ],
62 silly audit   '@radix-ui/primitive': [ '1.1.3' ],
62 silly audit   '@radix-ui/react-accordion': [ '1.2.12' ],
62 silly audit   '@radix-ui/react-alert-dialog': [ '1.1.15' ],
62 silly audit   '@radix-ui/react-slot': [ '1.2.3', '1.2.4' ],
62 silly audit   '@radix-ui/react-arrow': [ '1.1.7' ],
62 silly audit   '@radix-ui/react-aspect-ratio': [ '1.1.8' ],
62 silly audit   '@radix-ui/react-primitive': [ '2.1.4', '2.1.3' ],
62 silly audit   '@radix-ui/react-avatar': [ '1.1.11' ],
62 silly audit   '@radix-ui/react-context': [ '1.1.3', '1.1.2' ],
62 silly audit   '@radix-ui/react-checkbox': [ '1.3.3' ],
62 silly audit   '@radix-ui/react-collapsible': [ '1.1.12' ],
62 silly audit   '@radix-ui/react-collection': [ '1.1.7' ],
62 silly audit   '@radix-ui/react-compose-refs': [ '1.1.2' ],
62 silly audit   '@radix-ui/react-context-menu': [ '2.2.16' ],
62 silly audit   '@radix-ui/react-dialog': [ '1.1.15' ],
62 silly audit   '@radix-ui/react-direction': [ '1.1.1' ],
62 silly audit   '@radix-ui/react-dismissable-layer': [ '1.1.11' ],
62 silly audit   '@radix-ui/react-dropdown-menu': [ '2.1.16' ],
62 silly audit   '@radix-ui/react-focus-guards': [ '1.1.3' ],
62 silly audit   '@radix-ui/react-focus-scope': [ '1.1.7' ],
62 silly audit   '@radix-ui/react-hover-card': [ '1.1.15' ],
62 silly audit   '@radix-ui/react-id': [ '1.1.1' ],
62 silly audit   '@radix-ui/react-label': [ '2.1.8' ],
62 silly audit   '@radix-ui/react-menu': [ '2.1.16' ],
62 silly audit   '@radix-ui/react-menubar': [ '1.1.16' ],
62 silly audit   '@radix-ui/react-navigation-menu': [ '1.2.14' ],
62 silly audit   '@radix-ui/react-popover': [ '1.1.15' ],
62 silly audit   '@radix-ui/react-popper': [ '1.2.8' ],
62 silly audit   '@radix-ui/react-portal': [ '1.1.9' ],
62 silly audit   '@radix-ui/react-presence': [ '1.1.5' ],
62 silly audit   '@radix-ui/react-progress': [ '1.1.8' ],
62 silly audit   '@radix-ui/react-radio-group': [ '1.3.8' ],
62 silly audit   '@radix-ui/react-roving-focus': [ '1.1.11' ],
62 silly audit   '@radix-ui/react-scroll-area': [ '1.2.10' ],
62 silly audit   '@radix-ui/react-select': [ '2.2.6' ],
62 silly audit   '@radix-ui/react-separator': [ '1.1.8' ],
62 silly audit   '@radix-ui/react-slider': [ '1.3.6' ],
62 silly audit   '@radix-ui/react-switch': [ '1.2.6' ],
62 silly audit   '@radix-ui/react-tabs': [ '1.1.13' ],
62 silly audit   '@radix-ui/react-toggle': [ '1.1.10' ],
62 silly audit   '@radix-ui/react-toggle-group': [ '1.1.11' ],
62 silly audit   '@radix-ui/react-tooltip': [ '1.2.8' ],
62 silly audit   '@radix-ui/react-use-callback-ref': [ '1.1.1' ],
62 silly audit   '@radix-ui/react-use-controllable-state': [ '1.2.2' ],
62 silly audit   '@radix-ui/react-use-effect-event': [ '0.0.2' ],
62 silly audit   '@radix-ui/react-use-escape-keydown': [ '1.1.1' ],
62 silly audit   '@radix-ui/react-use-is-hydrated': [ '0.1.0' ],
62 silly audit   '@radix-ui/react-use-layout-effect': [ '1.1.1' ],
62 silly audit   '@radix-ui/react-use-previous': [ '1.1.1' ],
62 silly audit   '@radix-ui/react-use-rect': [ '1.1.1' ],
62 silly audit   '@radix-ui/react-use-size': [ '1.1.1' ],
62 silly audit   '@radix-ui/react-visually-hidden': [ '1.2.3' ],
62 silly audit   '@radix-ui/rect': [ '1.1.1' ],
62 silly audit   '@rolldown/pluginutils': [ '1.0.0-beta.27' ],
62 silly audit   '@rollup/rollup-android-arm-eabi': [ '4.53.3' ],
62 silly audit   '@rollup/rollup-android-arm64': [ '4.53.3' ],
62 silly audit   '@rollup/rollup-darwin-arm64': [ '4.53.3' ],
62 silly audit   '@rollup/rollup-darwin-x64': [ '4.53.3' ],
62 silly audit   '@rollup/rollup-freebsd-arm64': [ '4.53.3' ],
62 silly audit   '@rollup/rollup-freebsd-x64': [ '4.53.3' ],
62 silly audit   '@rollup/rollup-linux-arm-gnueabihf': [ '4.53.3' ],
62 silly audit   '@rollup/rollup-linux-arm-musleabihf': [ '4.53.3' ],
62 silly audit   '@rollup/rollup-linux-arm64-gnu': [ '4.53.3' ],
62 silly audit   '@rollup/rollup-linux-arm64-musl': [ '4.53.3' ],
62 silly audit   '@rollup/rollup-linux-loong64-gnu': [ '4.53.3' ],
62 silly audit   '@rollup/rollup-linux-ppc64-gnu': [ '4.53.3' ],
62 silly audit   '@rollup/rollup-linux-riscv64-gnu': [ '4.53.3' ],
62 silly audit   '@rollup/rollup-linux-riscv64-musl': [ '4.53.3' ],
62 silly audit   '@rollup/rollup-linux-s390x-gnu': [ '4.53.3' ],
62 silly audit   '@rollup/rollup-linux-x64-gnu': [ '4.53.3' ],
62 silly audit   '@rollup/rollup-linux-x64-musl': [ '4.53.3' ],
62 silly audit   '@rollup/rollup-openharmony-arm64': [ '4.53.3' ],
62 silly audit   '@rollup/rollup-win32-arm64-msvc': [ '4.53.3' ],
62 silly audit   '@rollup/rollup-win32-ia32-msvc': [ '4.53.3' ],
62 silly audit   '@rollup/rollup-win32-x64-gnu': [ '4.53.3' ],
62 silly audit   '@rollup/rollup-win32-x64-msvc': [ '4.53.3' ],
62 silly audit   '@swc/core': [ '1.15.3' ],
62 silly audit   '@swc/core-darwin-arm64': [ '1.15.3' ],
62 silly audit   '@swc/core-darwin-x64': [ '1.15.3' ],
62 silly audit   '@swc/core-linux-arm-gnueabihf': [ '1.15.3' ],
62 silly audit   '@swc/core-linux-arm64-gnu': [ '1.15.3' ],
62 silly audit   '@swc/core-linux-arm64-musl': [ '1.15.3' ],
62 silly audit   '@swc/core-linux-x64-gnu': [ '1.15.3' ],
62 silly audit   '@swc/core-linux-x64-musl': [ '1.15.3' ],
62 silly audit   '@swc/core-win32-arm64-msvc': [ '1.15.3' ],
62 silly audit   '@swc/core-win32-ia32-msvc': [ '1.15.3' ],
62 silly audit   '@swc/core-win32-x64-msvc': [ '1.15.3' ],
62 silly audit   '@swc/counter': [ '0.1.3' ],
62 silly audit   '@swc/types': [ '0.1.25' ],
62 silly audit   '@types/d3-array': [ '3.2.2' ],
62 silly audit   '@types/d3-color': [ '3.1.3' ],
62 silly audit   '@types/d3-ease': [ '3.0.2' ],
62 silly audit   '@types/d3-interpolate': [ '3.0.4' ],
62 silly audit   '@types/d3-path': [ '3.1.1' ],
62 silly audit   '@types/d3-scale': [ '4.0.9' ],
62 silly audit   '@types/d3-shape': [ '3.1.7' ],
62 silly audit   '@types/d3-time': [ '3.0.4' ],
62 silly audit   '@types/d3-timer': [ '3.0.2' ],
62 silly audit   '@types/estree': [ '1.0.8' ],
62 silly audit   '@types/node': [ '20.19.25' ],
62 silly audit   '@vitejs/plugin-react-swc': [ '3.11.0' ],
62 silly audit   'aria-hidden': [ '1.2.6' ],
62 silly audit   'class-variance-authority': [ '0.7.1' ],
62 silly audit   clsx: [ '2.1.1' ],
62 silly audit   cmdk: [ '1.1.1' ],
62 silly audit   csstype: [ '3.2.3' ],
62 silly audit   'd3-array': [ '3.2.4' ],
62 silly audit   'd3-color': [ '3.1.0' ],
62 silly audit   'd3-ease': [ '3.0.1' ],
62 silly audit   'd3-format': [ '3.1.0' ],
62 silly audit   'd3-interpolate': [ '3.0.1' ],
62 silly audit   'd3-path': [ '3.1.0' ],
62 silly audit   'd3-scale': [ '4.0.2' ],
62 silly audit   'd3-shape': [ '3.2.0' ],
62 silly audit   'd3-time': [ '3.1.0' ],
62 silly audit   'd3-time-format': [ '4.1.0' ],
62 silly audit   'd3-timer': [ '3.0.1' ],
62 silly audit   'date-fns': [ '3.6.0' ],
62 silly audit   'decimal.js-light': [ '2.5.1' ],
62 silly audit   'detect-node-es': [ '1.1.0' ],
62 silly audit   'dom-helpers': [ '5.2.1' ],
62 silly audit   'embla-carousel': [ '8.6.0' ],
62 silly audit   'embla-carousel-react': [ '8.6.0' ],
62 silly audit   'embla-carousel-reactive-utils': [ '8.6.0' ],
62 silly audit   esbuild: [ '0.25.12' ],
62 silly audit   eventemitter3: [ '4.0.7' ],
62 silly audit   'fast-equals': [ '5.3.3' ],
62 silly audit   fdir: [ '6.5.0' ],
62 silly audit   'framer-motion': [ '12.23.24' ],
62 silly audit   fsevents: [ '2.3.3' ],
62 silly audit   'get-nonce': [ '1.0.1' ],
62 silly audit   'input-otp': [ '1.4.2' ],
62 silly audit   internmap: [ '2.0.3' ],
62 silly audit   'js-tokens': [ '4.0.0' ],
62 silly audit   lodash: [ '4.17.21' ],
62 silly audit   'loose-envify': [ '1.4.0' ],
62 silly audit   'lucide-react': [ '0.487.0' ],
62 silly audit   motion: [ '12.23.24' ],
62 silly audit   'motion-dom': [ '12.23.23' ],
62 silly audit   'motion-utils': [ '12.23.6' ],
62 silly audit   nanoid: [ '3.3.11' ],
62 silly audit   'next-themes': [ '0.4.6' ],
62 silly audit   'object-assign': [ '4.1.1' ],
62 silly audit   picocolors: [ '1.1.1' ],
62 silly audit   picomatch: [ '4.0.3' ],
62 silly audit   postcss: [ '8.5.6' ],
62 silly audit   'prop-types': [ '15.8.1' ],
62 silly audit   'react-is': [ '16.13.1', '18.3.1' ],
62 silly audit   react: [ '18.3.1' ],
62 silly audit   'react-day-picker': [ '8.10.1' ],
62 silly audit   'react-dom': [ '18.3.1' ],
62 silly audit   'react-hook-form': [ '7.66.1' ],
62 silly audit   'react-remove-scroll': [ '2.7.1' ],
62 silly audit   'react-remove-scroll-bar': [ '2.3.8' ],
62 silly audit   'react-resizable-panels': [ '2.1.9' ],
62 silly audit   'react-smooth': [ '4.0.4' ],
62 silly audit   'react-style-singleton': [ '2.2.3' ],
62 silly audit   'react-transition-group': [ '4.4.5' ],
62 silly audit   recharts: [ '2.15.4' ],
62 silly audit   'recharts-scale': [ '0.4.5' ],
62 silly audit   rollup: [ '4.53.3' ],
62 silly audit   scheduler: [ '0.23.2' ],
62 silly audit   sonner: [ '2.0.7' ],
62 silly audit   'source-map-js': [ '1.2.1' ],
62 silly audit   'tailwind-merge': [ '3.4.0' ],
62 silly audit   tailwindcss: [ '4.1.17' ],
62 silly audit   'tiny-invariant': [ '1.3.3' ],
62 silly audit   tinyglobby: [ '0.2.15' ],
62 silly audit   tslib: [ '2.8.1' ],
62 silly audit   'undici-types': [ '6.21.0' ],
62 silly audit   'use-callback-ref': [ '1.3.3' ],
62 silly audit   'use-sidecar': [ '1.1.3' ],
62 silly audit   'use-sync-external-store': [ '1.6.0' ],
62 silly audit   vaul: [ '1.1.2' ],
62 silly audit   'victory-vendor': [ '36.9.2' ],
62 silly audit   vite: [ '6.3.5' ],
62 silly audit   '@types/react': [ '19.2.6' ],
62 silly audit   '@types/react-dom': [ '19.2.3' ]
62 silly audit }
63 verbose reify failed optional dependency /Users/quest/Downloads/Software Engineer Portfolio Website/node_modules/@swc/core-win32-x64-msvc
64 silly reify mark deleted [
64 silly reify   '/Users/quest/Downloads/Software Engineer Portfolio Website/node_modules/@swc/core-win32-x64-msvc'
64 silly reify ]
65 verbose reify failed optional dependency /Users/quest/Downloads/Software Engineer Portfolio Website/node_modules/@swc/core-win32-ia32-msvc
66 silly reify mark deleted [
66 silly reify   '/Users/quest/Downloads/Software Engineer Portfolio Website/node_modules/@swc/core-win32-ia32-msvc'
66 silly reify ]
67 verbose reify failed optional dependency /Users/quest/Downloads/Software Engineer Portfolio Website/node_modules/@swc/core-win32-arm64-msvc
68 silly reify mark deleted [
68 silly reify   '/Users/quest/Downloads/Software Engineer Portfolio Website/node_modules/@swc/core-win32-arm64-msvc'
68 silly reify ]
69 verbose reify failed optional dependency /Users/quest/Downloads/Software Engineer Portfolio Website/node_modules/@swc/core-linux-x64-musl
70 silly reify mark deleted [
70 silly reify   '/Users/quest/Downloads/Software Engineer Portfolio Website/node_modules/@swc/core-linux-x64-musl'
70 silly reify ]
71 verbose reify failed optional dependency /Users/quest/Downloads/Software Engineer Portfolio Website/node_modules/@swc/core-linux-x64-gnu
72 silly reify mark deleted [
72 silly reify   '/Users/quest/Downloads/Software Engineer Portfolio Website/node_modules/@swc/core-linux-x64-gnu'
72 silly reify ]
73 verbose reify failed optional dependency /Users/quest/Downloads/Software Engineer Portfolio Website/node_modules/@swc/core-linux-arm64-musl
74 silly reify mark deleted [
74 silly reify   '/Users/quest/Downloads/Software Engineer Portfolio Website/node_modules/@swc/core-linux-arm64-musl'
74 silly reify ]
75 verbose reify failed optional dependency /Users/quest/Downloads/Software Engineer Portfolio Website/node_modules/@swc/core-linux-arm64-gnu
76 silly reify mark deleted [
76 silly reify   '/Users/quest/Downloads/Software Engineer Portfolio Website/node_modules/@swc/core-linux-arm64-gnu'
76 silly reify ]
77 verbose reify failed optional dependency /Users/quest/Downloads/Software Engineer Portfolio Website/node_modules/@swc/core-linux-arm-gnueabihf
78 silly reify mark deleted [
78 silly reify   '/Users/quest/Downloads/Software Engineer Portfolio Website/node_modules/@swc/core-linux-arm-gnueabihf'
78 silly reify ]
79 verbose reify failed optional dependency /Users/quest/Downloads/Software Engineer Portfolio Website/node_modules/@swc/core-darwin-x64
80 silly reify mark deleted [
80 silly reify   '/Users/quest/Downloads/Software Engineer Portfolio Website/node_modules/@swc/core-darwin-x64'
80 silly reify ]
81 verbose reify failed optional dependency /Users/quest/Downloads/Software Engineer Portfolio Website/node_modules/@rollup/rollup-win32-x64-msvc
82 silly reify mark deleted [
82 silly reify   '/Users/quest/Downloads/Software Engineer Portfolio Website/node_modules/@rollup/rollup-win32-x64-msvc'
82 silly reify ]
83 verbose reify failed optional dependency /Users/quest/Downloads/Software Engineer Portfolio Website/node_modules/@rollup/rollup-win32-x64-gnu
84 silly reify mark deleted [
84 silly reify   '/Users/quest/Downloads/Software Engineer Portfolio Website/node_modules/@rollup/rollup-win32-x64-gnu'
84 silly reify ]
85 verbose reify failed optional dependency /Users/quest/Downloads/Software Engineer Portfolio Website/node_modules/@rollup/rollup-win32-ia32-msvc
86 silly reify mark deleted [
86 silly reify   '/Users/quest/Downloads/Software Engineer Portfolio Website/node_modules/@rollup/rollup-win32-ia32-msvc'
86 silly reify ]
87 verbose reify failed optional dependency /Users/quest/Downloads/Software Engineer Portfolio Website/node_modules/@rollup/rollup-win32-arm64-msvc
88 silly reify mark deleted [
88 silly reify   '/Users/quest/Downloads/Software Engineer Portfolio Website/node_modules/@rollup/rollup-win32-arm64-msvc'
88 silly reify ]
89 verbose reify failed optional dependency /Users/quest/Downloads/Software Engineer Portfolio Website/node_modules/@rollup/rollup-openharmony-arm64
90 silly reify mark deleted [
90 silly reify   '/Users/quest/Downloads/Software Engineer Portfolio Website/node_modules/@rollup/rollup-openharmony-arm64'
90 silly reify ]
91 verbose reify failed optional dependency /Users/quest/Downloads/Software Engineer Portfolio Website/node_modules/@rollup/rollup-linux-x64-musl
92 silly reify mark deleted [
92 silly reify   '/Users/quest/Downloads/Software Engineer Portfolio Website/node_modules/@rollup/rollup-linux-x64-musl'
92 silly reify ]
93 verbose reify failed optional dependency /Users/quest/Downloads/Software Engineer Portfolio Website/node_modules/@rollup/rollup-linux-x64-gnu
94 silly reify mark deleted [
94 silly reify   '/Users/quest/Downloads/Software Engineer Portfolio Website/node_modules/@rollup/rollup-linux-x64-gnu'
94 silly reify ]
95 verbose reify failed optional dependency /Users/quest/Downloads/Software Engineer Portfolio Website/node_modules/@rollup/rollup-linux-s390x-gnu
96 silly reify mark deleted [
96 silly reify   '/Users/quest/Downloads/Software Engineer Portfolio Website/node_modules/@rollup/rollup-linux-s390x-gnu'
96 silly reify ]
97 verbose reify failed optional dependency /Users/quest/Downloads/Software Engineer Portfolio Website/node_modules/@rollup/rollup-linux-riscv64-musl
98 silly reify mark deleted [
98 silly reify   '/Users/quest/Downloads/Software Engineer Portfolio Website/node_modules/@rollup/rollup-linux-riscv64-musl'
98 silly reify ]
99 verbose reify failed optional dependency /Users/quest/Downloads/Software Engineer Portfolio Website/node_modules/@rollup/rollup-linux-riscv64-gnu
100 silly reify mark deleted [
100 silly reify   '/Users/quest/Downloads/Software Engineer Portfolio Website/node_modules/@rollup/rollup-linux-riscv64-gnu'
100 silly reify ]
101 verbose reify failed optional dependency /Users/quest/Downloads/Software Engineer Portfolio Website/node_modules/@rollup/rollup-linux-ppc64-gnu
102 silly reify mark deleted [
102 silly reify   '/Users/quest/Downloads/Software Engineer Portfolio Website/node_modules/@rollup/rollup-linux-ppc64-gnu'
102 silly reify ]
103 verbose reify failed optional dependency /Users/quest/Downloads/Software Engineer Portfolio Website/node_modules/@rollup/rollup-linux-loong64-gnu
104 silly reify mark deleted [
104 silly reify   '/Users/quest/Downloads/Software Engineer Portfolio Website/node_modules/@rollup/rollup-linux-loong64-gnu'
104 silly reify ]
105 verbose reify failed optional dependency /Users/quest/Downloads/Software Engineer Portfolio Website/node_modules/@rollup/rollup-linux-arm64-musl
106 silly reify mark deleted [
106 silly reify   '/Users/quest/Downloads/Software Engineer Portfolio Website/node_modules/@rollup/rollup-linux-arm64-musl'
106 silly reify ]
107 verbose reify failed optional dependency /Users/quest/Downloads/Software Engineer Portfolio Website/node_modules/@rollup/rollup-linux-arm64-gnu
108 silly reify mark deleted [
108 silly reify   '/Users/quest/Downloads/Software Engineer Portfolio Website/node_modules/@rollup/rollup-linux-arm64-gnu'
108 silly reify ]
109 verbose reify failed optional dependency /Users/quest/Downloads/Software Engineer Portfolio Website/node_modules/@rollup/rollup-linux-arm-musleabihf
110 silly reify mark deleted [
110 silly reify   '/Users/quest/Downloads/Software Engineer Portfolio Website/node_modules/@rollup/rollup-linux-arm-musleabihf'
110 silly reify ]
111 verbose reify failed optional dependency /Users/quest/Downloads/Software Engineer Portfolio Website/node_modules/@rollup/rollup-linux-arm-gnueabihf
112 silly reify mark deleted [
112 silly reify   '/Users/quest/Downloads/Software Engineer Portfolio Website/node_modules/@rollup/rollup-linux-arm-gnueabihf'
112 silly reify ]
113 verbose reify failed optional dependency /Users/quest/Downloads/Software Engineer Portfolio Website/node_modules/@rollup/rollup-freebsd-x64
114 silly reify mark deleted [
114 silly reify   '/Users/quest/Downloads/Software Engineer Portfolio Website/node_modules/@rollup/rollup-freebsd-x64'
114 silly reify ]
115 verbose reify failed optional dependency /Users/quest/Downloads/Software Engineer Portfolio Website/node_modules/@rollup/rollup-freebsd-arm64
116 silly reify mark deleted [
116 silly reify   '/Users/quest/Downloads/Software Engineer Portfolio Website/node_modules/@rollup/rollup-freebsd-arm64'
116 silly reify ]
117 verbose reify failed optional dependency /Users/quest/Downloads/Software Engineer Portfolio Website/node_modules/@rollup/rollup-darwin-x64
118 silly reify mark deleted [
118 silly reify   '/Users/quest/Downloads/Software Engineer Portfolio Website/node_modules/@rollup/rollup-darwin-x64'
118 silly reify ]
119 verbose reify failed optional dependency /Users/quest/Downloads/Software Engineer Portfolio Website/node_modules/@rollup/rollup-android-arm64
120 silly reify mark deleted [
120 silly reify   '/Users/quest/Downloads/Software Engineer Portfolio Website/node_modules/@rollup/rollup-android-arm64'
120 silly reify ]
121 verbose reify failed optional dependency /Users/quest/Downloads/Software Engineer Portfolio Website/node_modules/@rollup/rollup-android-arm-eabi
122 silly reify mark deleted [
122 silly reify   '/Users/quest/Downloads/Software Engineer Portfolio Website/node_modules/@rollup/rollup-android-arm-eabi'
122 silly reify ]
123 verbose reify failed optional dependency /Users/quest/Downloads/Software Engineer Portfolio Website/node_modules/@esbuild/win32-x64
124 silly reify mark deleted [
124 silly reify   '/Users/quest/Downloads/Software Engineer Portfolio Website/node_modules/@esbuild/win32-x64'
124 silly reify ]
125 verbose reify failed optional dependency /Users/quest/Downloads/Software Engineer Portfolio Website/node_modules/@esbuild/win32-ia32
126 silly reify mark deleted [
126 silly reify   '/Users/quest/Downloads/Software Engineer Portfolio Website/node_modules/@esbuild/win32-ia32'
126 silly reify ]
127 verbose reify failed optional dependency /Users/quest/Downloads/Software Engineer Portfolio Website/node_modules/@esbuild/win32-arm64
128 silly reify mark deleted [
128 silly reify   '/Users/quest/Downloads/Software Engineer Portfolio Website/node_modules/@esbuild/win32-arm64'
128 silly reify ]
129 verbose reify failed optional dependency /Users/quest/Downloads/Software Engineer Portfolio Website/node_modules/@esbuild/sunos-x64
130 silly reify mark deleted [
130 silly reify   '/Users/quest/Downloads/Software Engineer Portfolio Website/node_modules/@esbuild/sunos-x64'
130 silly reify ]
131 verbose reify failed optional dependency /Users/quest/Downloads/Software Engineer Portfolio Website/node_modules/@esbuild/openharmony-arm64
132 silly reify mark deleted [
132 silly reify   '/Users/quest/Downloads/Software Engineer Portfolio Website/node_modules/@esbuild/openharmony-arm64'
132 silly reify ]
133 verbose reify failed optional dependency /Users/quest/Downloads/Software Engineer Portfolio Website/node_modules/@esbuild/openbsd-x64
134 silly reify mark deleted [
134 silly reify   '/Users/quest/Downloads/Software Engineer Portfolio Website/node_modules/@esbuild/openbsd-x64'
134 silly reify ]
135 verbose reify failed optional dependency /Users/quest/Downloads/Software Engineer Portfolio Website/node_modules/@esbuild/openbsd-arm64
136 silly reify mark deleted [
136 silly reify   '/Users/quest/Downloads/Software Engineer Portfolio Website/node_modules/@esbuild/openbsd-arm64'
136 silly reify ]
137 verbose reify failed optional dependency /Users/quest/Downloads/Software Engineer Portfolio Website/node_modules/@esbuild/netbsd-x64
138 silly reify mark deleted [
138 silly reify   '/Users/quest/Downloads/Software Engineer Portfolio Website/node_modules/@esbuild/netbsd-x64'
138 silly reify ]
139 verbose reify failed optional dependency /Users/quest/Downloads/Software Engineer Portfolio Website/node_modules/@esbuild/netbsd-arm64
140 silly reify mark deleted [
140 silly reify   '/Users/quest/Downloads/Software Engineer Portfolio Website/node_modules/@esbuild/netbsd-arm64'
140 silly reify ]
141 verbose reify failed optional dependency /Users/quest/Downloads/Software Engineer Portfolio Website/node_modules/@esbuild/linux-x64
142 silly reify mark deleted [
142 silly reify   '/Users/quest/Downloads/Software Engineer Portfolio Website/node_modules/@esbuild/linux-x64'
142 silly reify ]
143 verbose reify failed optional dependency /Users/quest/Downloads/Software Engineer Portfolio Website/node_modules/@esbuild/linux-s390x
144 silly reify mark deleted [
144 silly reify   '/Users/quest/Downloads/Software Engineer Portfolio Website/node_modules/@esbuild/linux-s390x'
144 silly reify ]
145 verbose reify failed optional dependency /Users/quest/Downloads/Software Engineer Portfolio Website/node_modules/@esbuild/linux-riscv64
146 silly reify mark deleted [
146 silly reify   '/Users/quest/Downloads/Software Engineer Portfolio Website/node_modules/@esbuild/linux-riscv64'
146 silly reify ]
147 verbose reify failed optional dependency /Users/quest/Downloads/Software Engineer Portfolio Website/node_modules/@esbuild/linux-ppc64
148 silly reify mark deleted [
148 silly reify   '/Users/quest/Downloads/Software Engineer Portfolio Website/node_modules/@esbuild/linux-ppc64'
148 silly reify ]
149 verbose reify failed optional dependency /Users/quest/Downloads/Software Engineer Portfolio Website/node_modules/@esbuild/linux-mips64el
150 silly reify mark deleted [
150 silly reify   '/Users/quest/Downloads/Software Engineer Portfolio Website/node_modules/@esbuild/linux-mips64el'
150 silly reify ]
151 verbose reify failed optional dependency /Users/quest/Downloads/Software Engineer Portfolio Website/node_modules/@esbuild/linux-loong64
152 silly reify mark deleted [
152 silly reify   '/Users/quest/Downloads/Software Engineer Portfolio Website/node_modules/@esbuild/linux-loong64'
152 silly reify ]
153 verbose reify failed optional dependency /Users/quest/Downloads/Software Engineer Portfolio Website/node_modules/@esbuild/linux-ia32
154 silly reify mark deleted [
154 silly reify   '/Users/quest/Downloads/Software Engineer Portfolio Website/node_modules/@esbuild/linux-ia32'
154 silly reify ]
155 verbose reify failed optional dependency /Users/quest/Downloads/Software Engineer Portfolio Website/node_modules/@esbuild/linux-arm64
156 silly reify mark deleted [
156 silly reify   '/Users/quest/Downloads/Software Engineer Portfolio Website/node_modules/@esbuild/linux-arm64'
156 silly reify ]
157 verbose reify failed optional dependency /Users/quest/Downloads/Software Engineer Portfolio Website/node_modules/@esbuild/linux-arm
158 silly reify mark deleted [
158 silly reify   '/Users/quest/Downloads/Software Engineer Portfolio Website/node_modules/@esbuild/linux-arm'
158 silly reify ]
159 verbose reify failed optional dependency /Users/quest/Downloads/Software Engineer Portfolio Website/node_modules/@esbuild/freebsd-x64
160 silly reify mark deleted [
160 silly reify   '/Users/quest/Downloads/Software Engineer Portfolio Website/node_modules/@esbuild/freebsd-x64'
160 silly reify ]
161 verbose reify failed optional dependency /Users/quest/Downloads/Software Engineer Portfolio Website/node_modules/@esbuild/freebsd-arm64
162 silly reify mark deleted [
162 silly reify   '/Users/quest/Downloads/Software Engineer Portfolio Website/node_modules/@esbuild/freebsd-arm64'
162 silly reify ]
163 verbose reify failed optional dependency /Users/quest/Downloads/Software Engineer Portfolio Website/node_modules/@esbuild/darwin-x64
164 silly reify mark deleted [
164 silly reify   '/Users/quest/Downloads/Software Engineer Portfolio Website/node_modules/@esbuild/darwin-x64'
164 silly reify ]
165 verbose reify failed optional dependency /Users/quest/Downloads/Software Engineer Portfolio Website/node_modules/@esbuild/android-x64
166 silly reify mark deleted [
166 silly reify   '/Users/quest/Downloads/Software Engineer Portfolio Website/node_modules/@esbuild/android-x64'
166 silly reify ]
167 verbose reify failed optional dependency /Users/quest/Downloads/Software Engineer Portfolio Website/node_modules/@esbuild/android-arm64
168 silly reify mark deleted [
168 silly reify   '/Users/quest/Downloads/Software Engineer Portfolio Website/node_modules/@esbuild/android-arm64'
168 silly reify ]
169 verbose reify failed optional dependency /Users/quest/Downloads/Software Engineer Portfolio Website/node_modules/@esbuild/android-arm
170 silly reify mark deleted [
170 silly reify   '/Users/quest/Downloads/Software Engineer Portfolio Website/node_modules/@esbuild/android-arm'
170 silly reify ]
171 verbose reify failed optional dependency /Users/quest/Downloads/Software Engineer Portfolio Website/node_modules/@esbuild/aix-ppc64
172 silly reify mark deleted [
172 silly reify   '/Users/quest/Downloads/Software Engineer Portfolio Website/node_modules/@esbuild/aix-ppc64'
172 silly reify ]
173 timing reifyNode:node_modules/@swc/core-win32-x64-msvc Completed in 10ms
174 timing reifyNode:node_modules/@swc/core-win32-ia32-msvc Completed in 10ms
175 timing reifyNode:node_modules/@swc/core-win32-arm64-msvc Completed in 10ms
176 timing reifyNode:node_modules/@swc/core-linux-x64-musl Completed in 11ms
177 timing reifyNode:node_modules/@swc/core-linux-x64-gnu Completed in 11ms
178 timing reifyNode:node_modules/@swc/core-linux-arm64-musl Completed in 11ms
179 timing reifyNode:node_modules/@swc/core-linux-arm64-gnu Completed in 10ms
180 timing reifyNode:node_modules/@swc/core-linux-arm-gnueabihf Completed in 10ms
181 timing reifyNode:node_modules/@swc/core-darwin-x64 Completed in 10ms
182 timing reifyNode:node_modules/@rollup/rollup-win32-x64-msvc Completed in 10ms
183 timing reifyNode:node_modules/@rollup/rollup-win32-x64-gnu Completed in 10ms
184 timing reifyNode:node_modules/@rollup/rollup-win32-ia32-msvc Completed in 10ms
185 timing reifyNode:node_modules/@rollup/rollup-win32-arm64-msvc Completed in 10ms
186 timing reifyNode:node_modules/@rollup/rollup-openharmony-arm64 Completed in 10ms
187 timing reifyNode:node_modules/@rollup/rollup-linux-x64-musl Completed in 10ms
188 timing reifyNode:node_modules/@rollup/rollup-linux-x64-gnu Completed in 10ms
189 timing reifyNode:node_modules/@rollup/rollup-linux-s390x-gnu Completed in 10ms
190 timing reifyNode:node_modules/@rollup/rollup-linux-riscv64-musl Completed in 10ms
191 timing reifyNode:node_modules/@rollup/rollup-linux-riscv64-gnu Completed in 10ms
192 timing reifyNode:node_modules/@rollup/rollup-linux-ppc64-gnu Completed in 10ms
193 timing reifyNode:node_modules/@rollup/rollup-linux-loong64-gnu Completed in 10ms
194 timing reifyNode:node_modules/@rollup/rollup-linux-arm64-musl Completed in 10ms
195 timing reifyNode:node_modules/@rollup/rollup-linux-arm64-gnu Completed in 10ms
196 timing reifyNode:node_modules/@rollup/rollup-linux-arm-musleabihf Completed in 10ms
197 timing reifyNode:node_modules/@rollup/rollup-linux-arm-gnueabihf Completed in 10ms
198 timing reifyNode:node_modules/@rollup/rollup-freebsd-x64 Completed in 10ms
199 timing reifyNode:node_modules/@rollup/rollup-freebsd-arm64 Completed in 10ms
200 timing reifyNode:node_modules/@rollup/rollup-darwin-x64 Completed in 10ms
201 timing reifyNode:node_modules/@rollup/rollup-android-arm64 Completed in 10ms
202 timing reifyNode:node_modules/@rollup/rollup-android-arm-eabi Completed in 10ms
203 timing reifyNode:node_modules/@esbuild/win32-x64 Completed in 10ms
204 timing reifyNode:node_modules/@esbuild/win32-ia32 Completed in 10ms
205 timing reifyNode:node_modules/@esbuild/win32-arm64 Completed in 11ms
206 timing reifyNode:node_modules/@esbuild/sunos-x64 Completed in 11ms
207 timing reifyNode:node_modules/@esbuild/openharmony-arm64 Completed in 11ms
208 timing reifyNode:node_modules/@esbuild/openbsd-x64 Completed in 11ms
209 timing reifyNode:node_modules/@esbuild/openbsd-arm64 Completed in 11ms
210 timing reifyNode:node_modules/@esbuild/netbsd-x64 Completed in 11ms
211 timing reifyNode:node_modules/@esbuild/netbsd-arm64 Completed in 11ms
212 timing reifyNode:node_modules/@esbuild/linux-x64 Completed in 11ms
213 timing reifyNode:node_modules/@esbuild/linux-s390x Completed in 11ms
214 timing reifyNode:node_modules/@esbuild/linux-riscv64 Completed in 11ms
215 timing reifyNode:node_modules/@esbuild/linux-ppc64 Completed in 11ms
216 timing reifyNode:node_modules/@esbuild/linux-mips64el Completed in 11ms
217 timing reifyNode:node_modules/@esbuild/linux-loong64 Completed in 11ms
218 timing reifyNode:node_modules/@esbuild/linux-ia32 Completed in 11ms
219 timing reifyNode:node_modules/@esbuild/linux-arm64 Completed in 11ms
220 timing reifyNode:node_modules/@esbuild/linux-arm Completed in 11ms
221 timing reifyNode:node_modules/@esbuild/freebsd-x64 Completed in 11ms
222 timing reifyNode:node_modules/@esbuild/freebsd-arm64 Completed in 11ms
223 timing reifyNode:node_modules/@esbuild/darwin-x64 Completed in 11ms
224 timing reifyNode:node_modules/@esbuild/android-x64 Completed in 11ms
225 timing reifyNode:node_modules/@esbuild/android-arm64 Completed in 10ms
226 timing reifyNode:node_modules/@esbuild/android-arm Completed in 10ms
227 timing reifyNode:node_modules/@esbuild/aix-ppc64 Completed in 10ms
228 silly tarball no local data for fsevents@https://registry.npmjs.org/fsevents/-/fsevents-2.3.3.tgz. Extracting by manifest.
229 silly tarball no local data for @types/react-dom@https://registry.npmjs.org/@types/react-dom/-/react-dom-19.2.3.tgz. Extracting by manifest.
230 silly tarball no local data for @types/react@https://registry.npmjs.org/@types/react/-/react-19.2.6.tgz. Extracting by manifest.
231 http fetch GET 200 https://registry.npmjs.org/fsevents/-/fsevents-2.3.3.tgz 135ms (cache miss)
232 timing reifyNode:node_modules/fsevents Completed in 152ms
233 http fetch POST 200 https://registry.npmjs.org/-/npm/v1/security/advisories/bulk 377ms
234 timing auditReport:getReport Completed in 380ms
235 silly audit report {
235 silly audit report   vite: [
235 silly audit report     {
235 silly audit report       id: 1107324,
235 silly audit report       url: 'https://github.com/advisories/GHSA-g4jq-h2w9-997c',
235 silly audit report       title: 'Vite middleware may serve files starting with the same name with the public directory',
235 silly audit report       severity: 'low',
235 silly audit report       vulnerable_versions: '>=6.0.0 <=6.3.5',
235 silly audit report       cwe: [Array],
235 silly audit report       cvss: [Object]
235 silly audit report     },
235 silly audit report     {
235 silly audit report       id: 1107328,
235 silly audit report       url: 'https://github.com/advisories/GHSA-jqfw-vq24-v9c3',
235 silly audit report       title: "Vite's `server.fs` settings were not applied to HTML files",
235 silly audit report       severity: 'low',
235 silly audit report       vulnerable_versions: '>=6.0.0 <=6.3.5',
235 silly audit report       cwe: [Array],
235 silly audit report       cvss: [Object]
235 silly audit report     },
235 silly audit report     {
235 silly audit report       id: 1109135,
235 silly audit report       url: 'https://github.com/advisories/GHSA-93m4-6634-74q7',
235 silly audit report       title: 'vite allows server.fs.deny bypass via backslash on Windows',
235 silly audit report       severity: 'moderate',
235 silly audit report       vulnerable_versions: '>=6.0.0 <=6.4.0',
235 silly audit report       cwe: [Array],
235 silly audit report       cvss: [Object]
235 silly audit report     }
235 silly audit report   ]
235 silly audit report }
236 timing metavuln:cache:get:security-advisory:vite:Tg1igN5ImUILB7iL3lCsdCfvryCmdwXKQoLrV9oZh5qkz8tTcdwqqtt4Gpb4Z+ybfbkRa+CBnUNY2uVy1+5EAA== Completed in 1ms
237 timing metavuln:cache:get:security-advisory:vite:0uerD0bg2wLpA2p8gFFFUIFeutSBDzFl98dN45i4u1EYj3EvJW03UyjO7tQ7Nk8yLBSi8rbvxI4k8C+oCGWubg== Completed in 1ms
238 timing metavuln:cache:get:security-advisory:vite:lhMAfW6KGSgCoRssD7e9LUKdutS+l4nPk6asDknTsbkWI2UMyL0z8LPAXleuo5qPagcVjQxgCtMH3fz1kzkSYA== Completed in 1ms
239 http fetch GET 200 https://registry.npmjs.org/@types/react/-/react-19.2.6.tgz 361ms (cache miss)
240 timing reifyNode:node_modules/@types/react Completed in 379ms
241 http fetch GET 200 https://registry.npmjs.org/@types/react-dom/-/react-dom-19.2.3.tgz 361ms (cache miss)
242 timing reifyNode:node_modules/@types/react-dom Completed in 379ms
243 timing reify:unpack Completed in 379ms
244 timing reify:unretire Completed in 1ms
245 timing build:queue Completed in 2ms
246 timing build:deps Completed in 3ms
247 timing build Completed in 3ms
248 timing reify:build Completed in 3ms
249 timing reify:trash Completed in 7ms
250 timing reify:save Completed in 45ms
251 http fetch GET 200 https://registry.npmjs.org/vite 642ms (cache miss)
252 timing metavuln:packument:vite Completed in 661ms
253 timing metavuln:load:security-advisory:vite:1107324 Completed in 23ms
254 timing metavuln:load:security-advisory:vite:1107328 Completed in 20ms
255 timing metavuln:load:security-advisory:vite:1109135 Completed in 10ms
256 timing metavuln:cache:put:security-advisory:vite:Tg1igN5ImUILB7iL3lCsdCfvryCmdwXKQoLrV9oZh5qkz8tTcdwqqtt4Gpb4Z+ybfbkRa+CBnUNY2uVy1+5EAA== Completed in 47ms
257 timing metavuln:calculate:security-advisory:vite:1107324 Completed in 732ms
258 timing metavuln:cache:put:security-advisory:vite:0uerD0bg2wLpA2p8gFFFUIFeutSBDzFl98dN45i4u1EYj3EvJW03UyjO7tQ7Nk8yLBSi8rbvxI4k8C+oCGWubg== Completed in 26ms
259 timing metavuln:calculate:security-advisory:vite:1107328 Completed in 732ms
260 timing metavuln:cache:put:security-advisory:vite:lhMAfW6KGSgCoRssD7e9LUKdutS+l4nPk6asDknTsbkWI2UMyL0z8LPAXleuo5qPagcVjQxgCtMH3fz1kzkSYA== Completed in 16ms
261 timing metavuln:calculate:security-advisory:vite:1109135 Completed in 732ms
262 timing metavuln:cache:get:security-advisory:@vitejs/plugin-react-swc:3qiF8jI/jly0xhrUs2yb+VEu75Z8djbVXL79Bt/xPM0kAJHcZoEklBWd9/xrPt0uN37GwhAhl+bqSEeiQ75u6g== Completed in 18ms
263 http fetch GET 200 https://registry.npmjs.org/@vitejs%2fplugin-react-swc 1621ms (cache miss)
264 timing metavuln:packument:@vitejs/plugin-react-swc Completed in 1622ms
265 timing metavuln:load:security-advisory:@vitejs/plugin-react-swc:Tg1igN5ImUILB7iL3lCsdCfvryCmdwXKQoLrV9oZh5qkz8tTcdwqqtt4Gpb4Z+ybfbkRa+CBnUNY2uVy1+5EAA== Completed in 24ms
266 timing metavuln:cache:put:security-advisory:@vitejs/plugin-react-swc:3qiF8jI/jly0xhrUs2yb+VEu75Z8djbVXL79Bt/xPM0kAJHcZoEklBWd9/xrPt0uN37GwhAhl+bqSEeiQ75u6g== Completed in 8ms
267 timing metavuln:calculate:security-advisory:@vitejs/plugin-react-swc:Tg1igN5ImUILB7iL3lCsdCfvryCmdwXKQoLrV9oZh5qkz8tTcdwqqtt4Gpb4Z+ybfbkRa+CBnUNY2uVy1+5EAA== Completed in 1655ms
268 timing auditReport:init Completed in 2388ms
269 timing reify:audit Completed in 2769ms
270 timing reify Completed in 3446ms
271 silly ADD node_modules/@types/react-dom
272 silly ADD node_modules/@types/react
273 silly ADD node_modules/fsevents
274 silly ADD
275 silly ADD
276 silly ADD
277 silly ADD
278 silly ADD
279 silly ADD
280 silly ADD
281 silly ADD
282 silly ADD
283 silly ADD
284 silly ADD
285 silly ADD
286 silly ADD
287 silly ADD
288 silly ADD
289 silly ADD
290 silly ADD
291 silly ADD
292 silly ADD
293 silly ADD
294 silly ADD
295 silly ADD
296 silly ADD
297 silly ADD
298 silly ADD
299 silly ADD
300 silly ADD
301 silly ADD
302 silly ADD
303 silly ADD
304 silly ADD
305 silly ADD
306 silly ADD
307 silly ADD
308 silly ADD
309 silly ADD
310 silly ADD
311 silly ADD
312 silly ADD
313 silly ADD
314 silly ADD
315 silly ADD
316 silly ADD
317 silly ADD
318 silly ADD
319 silly ADD
320 silly ADD
321 silly ADD
322 silly ADD
323 silly ADD
324 silly ADD
325 silly ADD
326 silly ADD
327 silly ADD
328 silly ADD
329 timing command:install Completed in 3459ms
330 notice
330 notice New major version of npm available! 8.19.4 -> 11.6.3
330 notice Changelog: <https://github.com/npm/cli/releases/tag/v11.6.3>
330 notice Run `npm install -g npm@11.6.3` to update!
330 notice
331 verbose exit 0
332 timing npm Completed in 3558ms
333 info ok
