0 verbose cli /Users/quest/.nvm/versions/node/v16.20.2/bin/node /Users/quest/.nvm/versions/node/v16.20.2/lib/node_modules/npm/bin/npm-cli.js
1 info using npm@8.19.4
2 info using node@v16.20.2
3 timing npm:load:whichnode Completed in 0ms
4 timing config:load:defaults Completed in 2ms
5 timing config:load:file:/Users/quest/.nvm/versions/node/v16.20.2/lib/node_modules/npm/npmrc Completed in 0ms
6 timing config:load:builtin Completed in 0ms
7 timing config:load:cli Completed in 1ms
8 timing config:load:env Completed in 1ms
9 timing config:load:file:/Users/quest/Downloads/Software Engineer Portfolio Website/.npmrc Completed in 0ms
10 timing config:load:project Completed in 2ms
11 timing config:load:file:/Users/quest/.npmrc Completed in 0ms
12 timing config:load:user Completed in 0ms
13 timing config:load:file:/Users/quest/.nvm/versions/node/v16.20.2/etc/npmrc Completed in 0ms
14 timing config:load:global Completed in 0ms
15 timing config:load:validate Completed in 1ms
16 timing config:load:credentials Completed in 1ms
17 timing config:load:setEnvs Completed in 0ms
18 timing config:load Completed in 8ms
19 timing npm:load:configload Completed in 8ms
20 timing npm:load:mkdirpcache Completed in 2ms
21 timing npm:load:mkdirplogs Completed in 1ms
22 verbose title npm exec tsc src/components/image/ImageWithFallback.tsx --jsx react-jsx --noEmit
23 verbose argv "exec" "--" "tsc" "src/components/image/ImageWithFallback.tsx" "--jsx" "react-jsx" "--noEmit"
24 timing npm:load:setTitle Completed in 1ms
25 timing config:load:flatten Completed in 1ms
26 timing npm:load:display Completed in 2ms
27 verbose logfile logs-max:10 dir:/Users/quest/Downloads/Software Engineer Portfolio Website/.npm-cache/_logs
28 verbose logfile /Users/quest/Downloads/Software Engineer Portfolio Website/.npm-cache/_logs/2025-11-24T09_02_04_136Z-debug-0.log
29 timing npm:load:logFile Completed in 4ms
30 timing npm:load:timers Completed in 0ms
31 timing npm:load:configScope Completed in 0ms
32 timing npm:load Completed in 20ms
33 silly logfile done cleaning log files
34 timing command:exec Completed in 3139ms
35 verbose exit 2
36 timing npm Completed in 3243ms
37 verbose code 2
