0 verbose cli /Users/quest/.nvm/versions/node/v16.20.2/bin/node /Users/quest/.nvm/versions/node/v16.20.2/bin/npm
1 info using npm@8.19.4
2 info using node@v16.20.2
3 timing npm:load:whichnode Completed in 0ms
4 timing config:load:defaults Completed in 1ms
5 timing config:load:file:/Users/quest/.nvm/versions/node/v16.20.2/lib/node_modules/npm/npmrc Completed in 0ms
6 timing config:load:builtin Completed in 1ms
7 timing config:load:cli Completed in 2ms
8 timing config:load:env Completed in 1ms
9 timing config:load:file:/Users/quest/Downloads/Software Engineer Portfolio Website/.npmrc Completed in 0ms
10 timing config:load:project Completed in 3ms
11 timing config:load:file:/Users/quest/.npmrc Completed in 0ms
12 timing config:load:user Completed in 0ms
13 timing config:load:file:/Users/quest/.nvm/versions/node/v16.20.2/etc/npmrc Completed in 0ms
14 timing config:load:global Completed in 0ms
15 timing config:load:validate Completed in 0ms
16 timing config:load:credentials Completed in 1ms
17 timing config:load:setEnvs Completed in 0ms
18 timing config:load Completed in 10ms
19 timing npm:load:configload Completed in 10ms
20 timing npm:load:mkdirpcache Completed in 0ms
21 timing npm:load:mkdirplogs Completed in 0ms
22 verbose title npm install typescript
23 verbose argv "install" "--save-dev" "typescript"
24 timing npm:load:setTitle Completed in 1ms
25 timing config:load:flatten Completed in 2ms
26 timing npm:load:display Completed in 2ms
27 verbose logfile logs-max:10 dir:/Users/quest/Downloads/Software Engineer Portfolio Website/.npm-cache/_logs
28 verbose logfile /Users/quest/Downloads/Software Engineer Portfolio Website/.npm-cache/_logs/2025-11-24T09_00_40_527Z-debug-0.log
29 timing npm:load:logFile Completed in 4ms
30 timing npm:load:timers Completed in 0ms
31 timing npm:load:configScope Completed in 0ms
32 timing npm:load Completed in 19ms
33 timing arborist:ctor Completed in 1ms
34 silly logfile done cleaning log files
35 timing idealTree:init Completed in 112ms
36 timing idealTree:userRequests Completed in 5ms
37 silly idealTree buildDeps
38 silly fetch manifest typescript@*
39 timing arborist:ctor Completed in 0ms
40 http fetch GET 200 https://registry.npmjs.org/typescript 1831ms (cache miss)
41 silly placeDep ROOT typescript@5.9.3 OK for: Software Engineer Portfolio Website@0.1.0 want: *
42 timing idealTree:#root Completed in 1875ms
43 timing idealTree:node_modules/typescript Completed in 0ms
44 timing idealTree:buildDeps Completed in 1876ms
45 timing idealTree:fixDepFlags Completed in 3ms
46 warn EBADENGINE Unsupported engine {
46 warn EBADENGINE   package: 'esbuild@0.25.12',
46 warn EBADENGINE   required: { node: '>=18' },
46 warn EBADENGINE   current: { node: 'v16.20.2', npm: '8.19.4' }
46 warn EBADENGINE }
47 warn EBADENGINE Unsupported engine {
47 warn EBADENGINE   package: 'react-hook-form@7.66.1',
47 warn EBADENGINE   required: { node: '>=18.0.0' },
47 warn EBADENGINE   current: { node: 'v16.20.2', npm: '8.19.4' }
47 warn EBADENGINE }
48 warn EBADENGINE Unsupported engine {
48 warn EBADENGINE   package: 'rollup@4.53.3',
48 warn EBADENGINE   required: { node: '>=18.0.0', npm: '>=8.0.0' },
48 warn EBADENGINE   current: { node: 'v16.20.2', npm: '8.19.4' }
48 warn EBADENGINE }
49 warn EBADENGINE Unsupported engine {
49 warn EBADENGINE   package: 'vite@6.3.5',
49 warn EBADENGINE   required: { node: '^18.0.0 || ^20.0.0 || >=22.0.0' },
49 warn EBADENGINE   current: { node: 'v16.20.2', npm: '8.19.4' }
49 warn EBADENGINE }
50 timing idealTree Completed in 2001ms
51 timing reify:loadTrees Completed in 2002ms
52 timing reify:diffTrees Completed in 4ms
53 silly reify moves {}
54 timing reify:retireShallow Completed in 0ms
55 timing reify:createSparse Completed in 17ms
56 timing reify:loadBundles Completed in 0ms
57 silly audit bulk request {
57 silly audit   '@babel/runtime': [ '7.28.4' ],
57 silly audit   '@esbuild/aix-ppc64': [ '0.25.12' ],
57 silly audit   '@esbuild/android-arm': [ '0.25.12' ],
57 silly audit   '@esbuild/android-arm64': [ '0.25.12' ],
57 silly audit   '@esbuild/android-x64': [ '0.25.12' ],
57 silly audit   '@esbuild/darwin-arm64': [ '0.25.12' ],
57 silly audit   '@esbuild/darwin-x64': [ '0.25.12' ],
57 silly audit   '@esbuild/freebsd-arm64': [ '0.25.12' ],
57 silly audit   '@esbuild/freebsd-x64': [ '0.25.12' ],
57 silly audit   '@esbuild/linux-arm': [ '0.25.12' ],
57 silly audit   '@esbuild/linux-arm64': [ '0.25.12' ],
57 silly audit   '@esbuild/linux-ia32': [ '0.25.12' ],
57 silly audit   '@esbuild/linux-loong64': [ '0.25.12' ],
57 silly audit   '@esbuild/linux-mips64el': [ '0.25.12' ],
57 silly audit   '@esbuild/linux-ppc64': [ '0.25.12' ],
57 silly audit   '@esbuild/linux-riscv64': [ '0.25.12' ],
57 silly audit   '@esbuild/linux-s390x': [ '0.25.12' ],
57 silly audit   '@esbuild/linux-x64': [ '0.25.12' ],
57 silly audit   '@esbuild/netbsd-arm64': [ '0.25.12' ],
57 silly audit   '@esbuild/netbsd-x64': [ '0.25.12' ],
57 silly audit   '@esbuild/openbsd-arm64': [ '0.25.12' ],
57 silly audit   '@esbuild/openbsd-x64': [ '0.25.12' ],
57 silly audit   '@esbuild/openharmony-arm64': [ '0.25.12' ],
57 silly audit   '@esbuild/sunos-x64': [ '0.25.12' ],
57 silly audit   '@esbuild/win32-arm64': [ '0.25.12' ],
57 silly audit   '@esbuild/win32-ia32': [ '0.25.12' ],
57 silly audit   '@esbuild/win32-x64': [ '0.25.12' ],
57 silly audit   '@floating-ui/core': [ '1.7.3' ],
57 silly audit   '@floating-ui/dom': [ '1.7.4' ],
57 silly audit   '@floating-ui/react-dom': [ '2.1.6' ],
57 silly audit   '@floating-ui/utils': [ '0.2.10' ],
57 silly audit   '@radix-ui/number': [ '1.1.1' ],
57 silly audit   '@radix-ui/primitive': [ '1.1.3' ],
57 silly audit   '@radix-ui/react-accordion': [ '1.2.12' ],
57 silly audit   '@radix-ui/react-alert-dialog': [ '1.1.15' ],
57 silly audit   '@radix-ui/react-slot': [ '1.2.3', '1.2.4' ],
57 silly audit   '@radix-ui/react-arrow': [ '1.1.7' ],
57 silly audit   '@radix-ui/react-aspect-ratio': [ '1.1.8' ],
57 silly audit   '@radix-ui/react-primitive': [ '2.1.4', '2.1.3' ],
57 silly audit   '@radix-ui/react-avatar': [ '1.1.11' ],
57 silly audit   '@radix-ui/react-context': [ '1.1.3', '1.1.2' ],
57 silly audit   '@radix-ui/react-checkbox': [ '1.3.3' ],
57 silly audit   '@radix-ui/react-collapsible': [ '1.1.12' ],
57 silly audit   '@radix-ui/react-collection': [ '1.1.7' ],
57 silly audit   '@radix-ui/react-compose-refs': [ '1.1.2' ],
57 silly audit   '@radix-ui/react-context-menu': [ '2.2.16' ],
57 silly audit   '@radix-ui/react-dialog': [ '1.1.15' ],
57 silly audit   '@radix-ui/react-direction': [ '1.1.1' ],
57 silly audit   '@radix-ui/react-dismissable-layer': [ '1.1.11' ],
57 silly audit   '@radix-ui/react-dropdown-menu': [ '2.1.16' ],
57 silly audit   '@radix-ui/react-focus-guards': [ '1.1.3' ],
57 silly audit   '@radix-ui/react-focus-scope': [ '1.1.7' ],
57 silly audit   '@radix-ui/react-hover-card': [ '1.1.15' ],
57 silly audit   '@radix-ui/react-id': [ '1.1.1' ],
57 silly audit   '@radix-ui/react-label': [ '2.1.8' ],
57 silly audit   '@radix-ui/react-menu': [ '2.1.16' ],
57 silly audit   '@radix-ui/react-menubar': [ '1.1.16' ],
57 silly audit   '@radix-ui/react-navigation-menu': [ '1.2.14' ],
57 silly audit   '@radix-ui/react-popover': [ '1.1.15' ],
57 silly audit   '@radix-ui/react-popper': [ '1.2.8' ],
57 silly audit   '@radix-ui/react-portal': [ '1.1.9' ],
57 silly audit   '@radix-ui/react-presence': [ '1.1.5' ],
57 silly audit   '@radix-ui/react-progress': [ '1.1.8' ],
57 silly audit   '@radix-ui/react-radio-group': [ '1.3.8' ],
57 silly audit   '@radix-ui/react-roving-focus': [ '1.1.11' ],
57 silly audit   '@radix-ui/react-scroll-area': [ '1.2.10' ],
57 silly audit   '@radix-ui/react-select': [ '2.2.6' ],
57 silly audit   '@radix-ui/react-separator': [ '1.1.8' ],
57 silly audit   '@radix-ui/react-slider': [ '1.3.6' ],
57 silly audit   '@radix-ui/react-switch': [ '1.2.6' ],
57 silly audit   '@radix-ui/react-tabs': [ '1.1.13' ],
57 silly audit   '@radix-ui/react-toggle': [ '1.1.10' ],
57 silly audit   '@radix-ui/react-toggle-group': [ '1.1.11' ],
57 silly audit   '@radix-ui/react-tooltip': [ '1.2.8' ],
57 silly audit   '@radix-ui/react-use-callback-ref': [ '1.1.1' ],
57 silly audit   '@radix-ui/react-use-controllable-state': [ '1.2.2' ],
57 silly audit   '@radix-ui/react-use-effect-event': [ '0.0.2' ],
57 silly audit   '@radix-ui/react-use-escape-keydown': [ '1.1.1' ],
57 silly audit   '@radix-ui/react-use-is-hydrated': [ '0.1.0' ],
57 silly audit   '@radix-ui/react-use-layout-effect': [ '1.1.1' ],
57 silly audit   '@radix-ui/react-use-previous': [ '1.1.1' ],
57 silly audit   '@radix-ui/react-use-rect': [ '1.1.1' ],
57 silly audit   '@radix-ui/react-use-size': [ '1.1.1' ],
57 silly audit   '@radix-ui/react-visually-hidden': [ '1.2.3' ],
57 silly audit   '@radix-ui/rect': [ '1.1.1' ],
57 silly audit   '@rolldown/pluginutils': [ '1.0.0-beta.27' ],
57 silly audit   '@rollup/rollup-android-arm-eabi': [ '4.53.3' ],
57 silly audit   '@rollup/rollup-android-arm64': [ '4.53.3' ],
57 silly audit   '@rollup/rollup-darwin-arm64': [ '4.53.3' ],
57 silly audit   '@rollup/rollup-darwin-x64': [ '4.53.3' ],
57 silly audit   '@rollup/rollup-freebsd-arm64': [ '4.53.3' ],
57 silly audit   '@rollup/rollup-freebsd-x64': [ '4.53.3' ],
57 silly audit   '@rollup/rollup-linux-arm-gnueabihf': [ '4.53.3' ],
57 silly audit   '@rollup/rollup-linux-arm-musleabihf': [ '4.53.3' ],
57 silly audit   '@rollup/rollup-linux-arm64-gnu': [ '4.53.3' ],
57 silly audit   '@rollup/rollup-linux-arm64-musl': [ '4.53.3' ],
57 silly audit   '@rollup/rollup-linux-loong64-gnu': [ '4.53.3' ],
57 silly audit   '@rollup/rollup-linux-ppc64-gnu': [ '4.53.3' ],
57 silly audit   '@rollup/rollup-linux-riscv64-gnu': [ '4.53.3' ],
57 silly audit   '@rollup/rollup-linux-riscv64-musl': [ '4.53.3' ],
57 silly audit   '@rollup/rollup-linux-s390x-gnu': [ '4.53.3' ],
57 silly audit   '@rollup/rollup-linux-x64-gnu': [ '4.53.3' ],
57 silly audit   '@rollup/rollup-linux-x64-musl': [ '4.53.3' ],
57 silly audit   '@rollup/rollup-openharmony-arm64': [ '4.53.3' ],
57 silly audit   '@rollup/rollup-win32-arm64-msvc': [ '4.53.3' ],
57 silly audit   '@rollup/rollup-win32-ia32-msvc': [ '4.53.3' ],
57 silly audit   '@rollup/rollup-win32-x64-gnu': [ '4.53.3' ],
57 silly audit   '@rollup/rollup-win32-x64-msvc': [ '4.53.3' ],
57 silly audit   '@swc/core': [ '1.15.3' ],
57 silly audit   '@swc/core-darwin-arm64': [ '1.15.3' ],
57 silly audit   '@swc/core-darwin-x64': [ '1.15.3' ],
57 silly audit   '@swc/core-linux-arm-gnueabihf': [ '1.15.3' ],
57 silly audit   '@swc/core-linux-arm64-gnu': [ '1.15.3' ],
57 silly audit   '@swc/core-linux-arm64-musl': [ '1.15.3' ],
57 silly audit   '@swc/core-linux-x64-gnu': [ '1.15.3' ],
57 silly audit   '@swc/core-linux-x64-musl': [ '1.15.3' ],
57 silly audit   '@swc/core-win32-arm64-msvc': [ '1.15.3' ],
57 silly audit   '@swc/core-win32-ia32-msvc': [ '1.15.3' ],
57 silly audit   '@swc/core-win32-x64-msvc': [ '1.15.3' ],
57 silly audit   '@swc/counter': [ '0.1.3' ],
57 silly audit   '@swc/types': [ '0.1.25' ],
57 silly audit   '@types/d3-array': [ '3.2.2' ],
57 silly audit   '@types/d3-color': [ '3.1.3' ],
57 silly audit   '@types/d3-ease': [ '3.0.2' ],
57 silly audit   '@types/d3-interpolate': [ '3.0.4' ],
57 silly audit   '@types/d3-path': [ '3.1.1' ],
57 silly audit   '@types/d3-scale': [ '4.0.9' ],
57 silly audit   '@types/d3-shape': [ '3.1.7' ],
57 silly audit   '@types/d3-time': [ '3.0.4' ],
57 silly audit   '@types/d3-timer': [ '3.0.2' ],
57 silly audit   '@types/estree': [ '1.0.8' ],
57 silly audit   '@types/node': [ '20.19.25' ],
57 silly audit   '@types/react': [ '19.2.6' ],
57 silly audit   '@types/react-dom': [ '19.2.3' ],
57 silly audit   '@vitejs/plugin-react-swc': [ '3.11.0' ],
57 silly audit   'aria-hidden': [ '1.2.6' ],
57 silly audit   'class-variance-authority': [ '0.7.1' ],
57 silly audit   clsx: [ '2.1.1' ],
57 silly audit   cmdk: [ '1.1.1' ],
57 silly audit   csstype: [ '3.2.3' ],
57 silly audit   'd3-array': [ '3.2.4' ],
57 silly audit   'd3-color': [ '3.1.0' ],
57 silly audit   'd3-ease': [ '3.0.1' ],
57 silly audit   'd3-format': [ '3.1.0' ],
57 silly audit   'd3-interpolate': [ '3.0.1' ],
57 silly audit   'd3-path': [ '3.1.0' ],
57 silly audit   'd3-scale': [ '4.0.2' ],
57 silly audit   'd3-shape': [ '3.2.0' ],
57 silly audit   'd3-time': [ '3.1.0' ],
57 silly audit   'd3-time-format': [ '4.1.0' ],
57 silly audit   'd3-timer': [ '3.0.1' ],
57 silly audit   'date-fns': [ '3.6.0' ],
57 silly audit   'decimal.js-light': [ '2.5.1' ],
57 silly audit   'detect-node-es': [ '1.1.0' ],
57 silly audit   'dom-helpers': [ '5.2.1' ],
57 silly audit   'embla-carousel': [ '8.6.0' ],
57 silly audit   'embla-carousel-react': [ '8.6.0' ],
57 silly audit   'embla-carousel-reactive-utils': [ '8.6.0' ],
57 silly audit   esbuild: [ '0.25.12' ],
57 silly audit   eventemitter3: [ '4.0.7' ],
57 silly audit   'fast-equals': [ '5.3.3' ],
57 silly audit   fdir: [ '6.5.0' ],
57 silly audit   'framer-motion': [ '12.23.24' ],
57 silly audit   fsevents: [ '2.3.3' ],
57 silly audit   'get-nonce': [ '1.0.1' ],
57 silly audit   'input-otp': [ '1.4.2' ],
57 silly audit   internmap: [ '2.0.3' ],
57 silly audit   'js-tokens': [ '4.0.0' ],
57 silly audit   lodash: [ '4.17.21' ],
57 silly audit   'loose-envify': [ '1.4.0' ],
57 silly audit   'lucide-react': [ '0.487.0' ],
57 silly audit   motion: [ '12.23.24' ],
57 silly audit   'motion-dom': [ '12.23.23' ],
57 silly audit   'motion-utils': [ '12.23.6' ],
57 silly audit   nanoid: [ '3.3.11' ],
57 silly audit   'next-themes': [ '0.4.6' ],
57 silly audit   'object-assign': [ '4.1.1' ],
57 silly audit   picocolors: [ '1.1.1' ],
57 silly audit   picomatch: [ '4.0.3' ],
57 silly audit   postcss: [ '8.5.6' ],
57 silly audit   'prop-types': [ '15.8.1' ],
57 silly audit   'react-is': [ '16.13.1', '18.3.1' ],
57 silly audit   react: [ '18.3.1' ],
57 silly audit   'react-day-picker': [ '8.10.1' ],
57 silly audit   'react-dom': [ '18.3.1' ],
57 silly audit   'react-hook-form': [ '7.66.1' ],
57 silly audit   'react-remove-scroll': [ '2.7.1' ],
57 silly audit   'react-remove-scroll-bar': [ '2.3.8' ],
57 silly audit   'react-resizable-panels': [ '2.1.9' ],
57 silly audit   'react-smooth': [ '4.0.4' ],
57 silly audit   'react-style-singleton': [ '2.2.3' ],
57 silly audit   'react-transition-group': [ '4.4.5' ],
57 silly audit   recharts: [ '2.15.4' ],
57 silly audit   'recharts-scale': [ '0.4.5' ],
57 silly audit   rollup: [ '4.53.3' ],
57 silly audit   scheduler: [ '0.23.2' ],
57 silly audit   sonner: [ '2.0.7' ],
57 silly audit   'source-map-js': [ '1.2.1' ],
57 silly audit   'tailwind-merge': [ '3.4.0' ],
57 silly audit   tailwindcss: [ '4.1.17' ],
57 silly audit   'tiny-invariant': [ '1.3.3' ],
57 silly audit   tinyglobby: [ '0.2.15' ],
57 silly audit   tslib: [ '2.8.1' ],
57 silly audit   'undici-types': [ '6.21.0' ],
57 silly audit   'use-callback-ref': [ '1.3.3' ],
57 silly audit   'use-sidecar': [ '1.1.3' ],
57 silly audit   'use-sync-external-store': [ '1.6.0' ],
57 silly audit   vaul: [ '1.1.2' ],
57 silly audit   'victory-vendor': [ '36.9.2' ],
57 silly audit   vite: [ '6.3.5' ],
57 silly audit   typescript: [ '5.9.3' ]
57 silly audit }
58 verbose reify failed optional dependency /Users/quest/Downloads/Software Engineer Portfolio Website/node_modules/@swc/core-win32-x64-msvc
59 silly reify mark deleted [
59 silly reify   '/Users/quest/Downloads/Software Engineer Portfolio Website/node_modules/@swc/core-win32-x64-msvc'
59 silly reify ]
60 verbose reify failed optional dependency /Users/quest/Downloads/Software Engineer Portfolio Website/node_modules/@swc/core-win32-ia32-msvc
61 silly reify mark deleted [
61 silly reify   '/Users/quest/Downloads/Software Engineer Portfolio Website/node_modules/@swc/core-win32-ia32-msvc'
61 silly reify ]
62 verbose reify failed optional dependency /Users/quest/Downloads/Software Engineer Portfolio Website/node_modules/@swc/core-win32-arm64-msvc
63 silly reify mark deleted [
63 silly reify   '/Users/quest/Downloads/Software Engineer Portfolio Website/node_modules/@swc/core-win32-arm64-msvc'
63 silly reify ]
64 verbose reify failed optional dependency /Users/quest/Downloads/Software Engineer Portfolio Website/node_modules/@swc/core-linux-x64-musl
65 silly reify mark deleted [
65 silly reify   '/Users/quest/Downloads/Software Engineer Portfolio Website/node_modules/@swc/core-linux-x64-musl'
65 silly reify ]
66 verbose reify failed optional dependency /Users/quest/Downloads/Software Engineer Portfolio Website/node_modules/@swc/core-linux-x64-gnu
67 silly reify mark deleted [
67 silly reify   '/Users/quest/Downloads/Software Engineer Portfolio Website/node_modules/@swc/core-linux-x64-gnu'
67 silly reify ]
68 verbose reify failed optional dependency /Users/quest/Downloads/Software Engineer Portfolio Website/node_modules/@swc/core-linux-arm64-musl
69 silly reify mark deleted [
69 silly reify   '/Users/quest/Downloads/Software Engineer Portfolio Website/node_modules/@swc/core-linux-arm64-musl'
69 silly reify ]
70 verbose reify failed optional dependency /Users/quest/Downloads/Software Engineer Portfolio Website/node_modules/@swc/core-linux-arm64-gnu
71 silly reify mark deleted [
71 silly reify   '/Users/quest/Downloads/Software Engineer Portfolio Website/node_modules/@swc/core-linux-arm64-gnu'
71 silly reify ]
72 verbose reify failed optional dependency /Users/quest/Downloads/Software Engineer Portfolio Website/node_modules/@swc/core-linux-arm-gnueabihf
73 silly reify mark deleted [
73 silly reify   '/Users/quest/Downloads/Software Engineer Portfolio Website/node_modules/@swc/core-linux-arm-gnueabihf'
73 silly reify ]
74 verbose reify failed optional dependency /Users/quest/Downloads/Software Engineer Portfolio Website/node_modules/@swc/core-darwin-x64
75 silly reify mark deleted [
75 silly reify   '/Users/quest/Downloads/Software Engineer Portfolio Website/node_modules/@swc/core-darwin-x64'
75 silly reify ]
76 verbose reify failed optional dependency /Users/quest/Downloads/Software Engineer Portfolio Website/node_modules/@rollup/rollup-win32-x64-msvc
77 silly reify mark deleted [
77 silly reify   '/Users/quest/Downloads/Software Engineer Portfolio Website/node_modules/@rollup/rollup-win32-x64-msvc'
77 silly reify ]
78 verbose reify failed optional dependency /Users/quest/Downloads/Software Engineer Portfolio Website/node_modules/@rollup/rollup-win32-x64-gnu
79 silly reify mark deleted [
79 silly reify   '/Users/quest/Downloads/Software Engineer Portfolio Website/node_modules/@rollup/rollup-win32-x64-gnu'
79 silly reify ]
80 verbose reify failed optional dependency /Users/quest/Downloads/Software Engineer Portfolio Website/node_modules/@rollup/rollup-win32-ia32-msvc
81 silly reify mark deleted [
81 silly reify   '/Users/quest/Downloads/Software Engineer Portfolio Website/node_modules/@rollup/rollup-win32-ia32-msvc'
81 silly reify ]
82 verbose reify failed optional dependency /Users/quest/Downloads/Software Engineer Portfolio Website/node_modules/@rollup/rollup-win32-arm64-msvc
83 silly reify mark deleted [
83 silly reify   '/Users/quest/Downloads/Software Engineer Portfolio Website/node_modules/@rollup/rollup-win32-arm64-msvc'
83 silly reify ]
84 verbose reify failed optional dependency /Users/quest/Downloads/Software Engineer Portfolio Website/node_modules/@rollup/rollup-openharmony-arm64
85 silly reify mark deleted [
85 silly reify   '/Users/quest/Downloads/Software Engineer Portfolio Website/node_modules/@rollup/rollup-openharmony-arm64'
85 silly reify ]
86 verbose reify failed optional dependency /Users/quest/Downloads/Software Engineer Portfolio Website/node_modules/@rollup/rollup-linux-x64-musl
87 silly reify mark deleted [
87 silly reify   '/Users/quest/Downloads/Software Engineer Portfolio Website/node_modules/@rollup/rollup-linux-x64-musl'
87 silly reify ]
88 verbose reify failed optional dependency /Users/quest/Downloads/Software Engineer Portfolio Website/node_modules/@rollup/rollup-linux-x64-gnu
89 silly reify mark deleted [
89 silly reify   '/Users/quest/Downloads/Software Engineer Portfolio Website/node_modules/@rollup/rollup-linux-x64-gnu'
89 silly reify ]
90 verbose reify failed optional dependency /Users/quest/Downloads/Software Engineer Portfolio Website/node_modules/@rollup/rollup-linux-s390x-gnu
91 silly reify mark deleted [
91 silly reify   '/Users/quest/Downloads/Software Engineer Portfolio Website/node_modules/@rollup/rollup-linux-s390x-gnu'
91 silly reify ]
92 verbose reify failed optional dependency /Users/quest/Downloads/Software Engineer Portfolio Website/node_modules/@rollup/rollup-linux-riscv64-musl
93 silly reify mark deleted [
93 silly reify   '/Users/quest/Downloads/Software Engineer Portfolio Website/node_modules/@rollup/rollup-linux-riscv64-musl'
93 silly reify ]
94 verbose reify failed optional dependency /Users/quest/Downloads/Software Engineer Portfolio Website/node_modules/@rollup/rollup-linux-riscv64-gnu
95 silly reify mark deleted [
95 silly reify   '/Users/quest/Downloads/Software Engineer Portfolio Website/node_modules/@rollup/rollup-linux-riscv64-gnu'
95 silly reify ]
96 verbose reify failed optional dependency /Users/quest/Downloads/Software Engineer Portfolio Website/node_modules/@rollup/rollup-linux-ppc64-gnu
97 silly reify mark deleted [
97 silly reify   '/Users/quest/Downloads/Software Engineer Portfolio Website/node_modules/@rollup/rollup-linux-ppc64-gnu'
97 silly reify ]
98 verbose reify failed optional dependency /Users/quest/Downloads/Software Engineer Portfolio Website/node_modules/@rollup/rollup-linux-loong64-gnu
99 silly reify mark deleted [
99 silly reify   '/Users/quest/Downloads/Software Engineer Portfolio Website/node_modules/@rollup/rollup-linux-loong64-gnu'
99 silly reify ]
100 verbose reify failed optional dependency /Users/quest/Downloads/Software Engineer Portfolio Website/node_modules/@rollup/rollup-linux-arm64-musl
101 silly reify mark deleted [
101 silly reify   '/Users/quest/Downloads/Software Engineer Portfolio Website/node_modules/@rollup/rollup-linux-arm64-musl'
101 silly reify ]
102 verbose reify failed optional dependency /Users/quest/Downloads/Software Engineer Portfolio Website/node_modules/@rollup/rollup-linux-arm64-gnu
103 silly reify mark deleted [
103 silly reify   '/Users/quest/Downloads/Software Engineer Portfolio Website/node_modules/@rollup/rollup-linux-arm64-gnu'
103 silly reify ]
104 verbose reify failed optional dependency /Users/quest/Downloads/Software Engineer Portfolio Website/node_modules/@rollup/rollup-linux-arm-musleabihf
105 silly reify mark deleted [
105 silly reify   '/Users/quest/Downloads/Software Engineer Portfolio Website/node_modules/@rollup/rollup-linux-arm-musleabihf'
105 silly reify ]
106 verbose reify failed optional dependency /Users/quest/Downloads/Software Engineer Portfolio Website/node_modules/@rollup/rollup-linux-arm-gnueabihf
107 silly reify mark deleted [
107 silly reify   '/Users/quest/Downloads/Software Engineer Portfolio Website/node_modules/@rollup/rollup-linux-arm-gnueabihf'
107 silly reify ]
108 verbose reify failed optional dependency /Users/quest/Downloads/Software Engineer Portfolio Website/node_modules/@rollup/rollup-freebsd-x64
109 silly reify mark deleted [
109 silly reify   '/Users/quest/Downloads/Software Engineer Portfolio Website/node_modules/@rollup/rollup-freebsd-x64'
109 silly reify ]
110 verbose reify failed optional dependency /Users/quest/Downloads/Software Engineer Portfolio Website/node_modules/@rollup/rollup-freebsd-arm64
111 silly reify mark deleted [
111 silly reify   '/Users/quest/Downloads/Software Engineer Portfolio Website/node_modules/@rollup/rollup-freebsd-arm64'
111 silly reify ]
112 verbose reify failed optional dependency /Users/quest/Downloads/Software Engineer Portfolio Website/node_modules/@rollup/rollup-darwin-x64
113 silly reify mark deleted [
113 silly reify   '/Users/quest/Downloads/Software Engineer Portfolio Website/node_modules/@rollup/rollup-darwin-x64'
113 silly reify ]
114 verbose reify failed optional dependency /Users/quest/Downloads/Software Engineer Portfolio Website/node_modules/@rollup/rollup-android-arm64
115 silly reify mark deleted [
115 silly reify   '/Users/quest/Downloads/Software Engineer Portfolio Website/node_modules/@rollup/rollup-android-arm64'
115 silly reify ]
116 verbose reify failed optional dependency /Users/quest/Downloads/Software Engineer Portfolio Website/node_modules/@rollup/rollup-android-arm-eabi
117 silly reify mark deleted [
117 silly reify   '/Users/quest/Downloads/Software Engineer Portfolio Website/node_modules/@rollup/rollup-android-arm-eabi'
117 silly reify ]
118 verbose reify failed optional dependency /Users/quest/Downloads/Software Engineer Portfolio Website/node_modules/@esbuild/win32-x64
119 silly reify mark deleted [
119 silly reify   '/Users/quest/Downloads/Software Engineer Portfolio Website/node_modules/@esbuild/win32-x64'
119 silly reify ]
120 verbose reify failed optional dependency /Users/quest/Downloads/Software Engineer Portfolio Website/node_modules/@esbuild/win32-ia32
121 silly reify mark deleted [
121 silly reify   '/Users/quest/Downloads/Software Engineer Portfolio Website/node_modules/@esbuild/win32-ia32'
121 silly reify ]
122 verbose reify failed optional dependency /Users/quest/Downloads/Software Engineer Portfolio Website/node_modules/@esbuild/win32-arm64
123 silly reify mark deleted [
123 silly reify   '/Users/quest/Downloads/Software Engineer Portfolio Website/node_modules/@esbuild/win32-arm64'
123 silly reify ]
124 verbose reify failed optional dependency /Users/quest/Downloads/Software Engineer Portfolio Website/node_modules/@esbuild/sunos-x64
125 silly reify mark deleted [
125 silly reify   '/Users/quest/Downloads/Software Engineer Portfolio Website/node_modules/@esbuild/sunos-x64'
125 silly reify ]
126 verbose reify failed optional dependency /Users/quest/Downloads/Software Engineer Portfolio Website/node_modules/@esbuild/openharmony-arm64
127 silly reify mark deleted [
127 silly reify   '/Users/quest/Downloads/Software Engineer Portfolio Website/node_modules/@esbuild/openharmony-arm64'
127 silly reify ]
128 verbose reify failed optional dependency /Users/quest/Downloads/Software Engineer Portfolio Website/node_modules/@esbuild/openbsd-x64
129 silly reify mark deleted [
129 silly reify   '/Users/quest/Downloads/Software Engineer Portfolio Website/node_modules/@esbuild/openbsd-x64'
129 silly reify ]
130 verbose reify failed optional dependency /Users/quest/Downloads/Software Engineer Portfolio Website/node_modules/@esbuild/openbsd-arm64
131 silly reify mark deleted [
131 silly reify   '/Users/quest/Downloads/Software Engineer Portfolio Website/node_modules/@esbuild/openbsd-arm64'
131 silly reify ]
132 verbose reify failed optional dependency /Users/quest/Downloads/Software Engineer Portfolio Website/node_modules/@esbuild/netbsd-x64
133 silly reify mark deleted [
133 silly reify   '/Users/quest/Downloads/Software Engineer Portfolio Website/node_modules/@esbuild/netbsd-x64'
133 silly reify ]
134 verbose reify failed optional dependency /Users/quest/Downloads/Software Engineer Portfolio Website/node_modules/@esbuild/netbsd-arm64
135 silly reify mark deleted [
135 silly reify   '/Users/quest/Downloads/Software Engineer Portfolio Website/node_modules/@esbuild/netbsd-arm64'
135 silly reify ]
136 verbose reify failed optional dependency /Users/quest/Downloads/Software Engineer Portfolio Website/node_modules/@esbuild/linux-x64
137 silly reify mark deleted [
137 silly reify   '/Users/quest/Downloads/Software Engineer Portfolio Website/node_modules/@esbuild/linux-x64'
137 silly reify ]
138 verbose reify failed optional dependency /Users/quest/Downloads/Software Engineer Portfolio Website/node_modules/@esbuild/linux-s390x
139 silly reify mark deleted [
139 silly reify   '/Users/quest/Downloads/Software Engineer Portfolio Website/node_modules/@esbuild/linux-s390x'
139 silly reify ]
140 verbose reify failed optional dependency /Users/quest/Downloads/Software Engineer Portfolio Website/node_modules/@esbuild/linux-riscv64
141 silly reify mark deleted [
141 silly reify   '/Users/quest/Downloads/Software Engineer Portfolio Website/node_modules/@esbuild/linux-riscv64'
141 silly reify ]
142 verbose reify failed optional dependency /Users/quest/Downloads/Software Engineer Portfolio Website/node_modules/@esbuild/linux-ppc64
143 silly reify mark deleted [
143 silly reify   '/Users/quest/Downloads/Software Engineer Portfolio Website/node_modules/@esbuild/linux-ppc64'
143 silly reify ]
144 verbose reify failed optional dependency /Users/quest/Downloads/Software Engineer Portfolio Website/node_modules/@esbuild/linux-mips64el
145 silly reify mark deleted [
145 silly reify   '/Users/quest/Downloads/Software Engineer Portfolio Website/node_modules/@esbuild/linux-mips64el'
145 silly reify ]
146 verbose reify failed optional dependency /Users/quest/Downloads/Software Engineer Portfolio Website/node_modules/@esbuild/linux-loong64
147 silly reify mark deleted [
147 silly reify   '/Users/quest/Downloads/Software Engineer Portfolio Website/node_modules/@esbuild/linux-loong64'
147 silly reify ]
148 verbose reify failed optional dependency /Users/quest/Downloads/Software Engineer Portfolio Website/node_modules/@esbuild/linux-ia32
149 silly reify mark deleted [
149 silly reify   '/Users/quest/Downloads/Software Engineer Portfolio Website/node_modules/@esbuild/linux-ia32'
149 silly reify ]
150 verbose reify failed optional dependency /Users/quest/Downloads/Software Engineer Portfolio Website/node_modules/@esbuild/linux-arm64
151 silly reify mark deleted [
151 silly reify   '/Users/quest/Downloads/Software Engineer Portfolio Website/node_modules/@esbuild/linux-arm64'
151 silly reify ]
152 verbose reify failed optional dependency /Users/quest/Downloads/Software Engineer Portfolio Website/node_modules/@esbuild/linux-arm
153 silly reify mark deleted [
153 silly reify   '/Users/quest/Downloads/Software Engineer Portfolio Website/node_modules/@esbuild/linux-arm'
153 silly reify ]
154 verbose reify failed optional dependency /Users/quest/Downloads/Software Engineer Portfolio Website/node_modules/@esbuild/freebsd-x64
155 silly reify mark deleted [
155 silly reify   '/Users/quest/Downloads/Software Engineer Portfolio Website/node_modules/@esbuild/freebsd-x64'
155 silly reify ]
156 verbose reify failed optional dependency /Users/quest/Downloads/Software Engineer Portfolio Website/node_modules/@esbuild/freebsd-arm64
157 silly reify mark deleted [
157 silly reify   '/Users/quest/Downloads/Software Engineer Portfolio Website/node_modules/@esbuild/freebsd-arm64'
157 silly reify ]
158 verbose reify failed optional dependency /Users/quest/Downloads/Software Engineer Portfolio Website/node_modules/@esbuild/darwin-x64
159 silly reify mark deleted [
159 silly reify   '/Users/quest/Downloads/Software Engineer Portfolio Website/node_modules/@esbuild/darwin-x64'
159 silly reify ]
160 verbose reify failed optional dependency /Users/quest/Downloads/Software Engineer Portfolio Website/node_modules/@esbuild/android-x64
161 silly reify mark deleted [
161 silly reify   '/Users/quest/Downloads/Software Engineer Portfolio Website/node_modules/@esbuild/android-x64'
161 silly reify ]
162 verbose reify failed optional dependency /Users/quest/Downloads/Software Engineer Portfolio Website/node_modules/@esbuild/android-arm64
163 silly reify mark deleted [
163 silly reify   '/Users/quest/Downloads/Software Engineer Portfolio Website/node_modules/@esbuild/android-arm64'
163 silly reify ]
164 verbose reify failed optional dependency /Users/quest/Downloads/Software Engineer Portfolio Website/node_modules/@esbuild/android-arm
165 silly reify mark deleted [
165 silly reify   '/Users/quest/Downloads/Software Engineer Portfolio Website/node_modules/@esbuild/android-arm'
165 silly reify ]
166 verbose reify failed optional dependency /Users/quest/Downloads/Software Engineer Portfolio Website/node_modules/@esbuild/aix-ppc64
167 silly reify mark deleted [
167 silly reify   '/Users/quest/Downloads/Software Engineer Portfolio Website/node_modules/@esbuild/aix-ppc64'
167 silly reify ]
168 timing reifyNode:node_modules/@swc/core-win32-x64-msvc Completed in 8ms
169 timing reifyNode:node_modules/@swc/core-win32-ia32-msvc Completed in 8ms
170 timing reifyNode:node_modules/@swc/core-win32-arm64-msvc Completed in 8ms
171 timing reifyNode:node_modules/@swc/core-linux-x64-musl Completed in 8ms
172 timing reifyNode:node_modules/@swc/core-linux-x64-gnu Completed in 8ms
173 timing reifyNode:node_modules/@swc/core-linux-arm64-musl Completed in 8ms
174 timing reifyNode:node_modules/@swc/core-linux-arm64-gnu Completed in 8ms
175 timing reifyNode:node_modules/@swc/core-linux-arm-gnueabihf Completed in 8ms
176 timing reifyNode:node_modules/@swc/core-darwin-x64 Completed in 8ms
177 timing reifyNode:node_modules/@rollup/rollup-win32-x64-msvc Completed in 8ms
178 timing reifyNode:node_modules/@rollup/rollup-win32-x64-gnu Completed in 8ms
179 timing reifyNode:node_modules/@rollup/rollup-win32-ia32-msvc Completed in 8ms
180 timing reifyNode:node_modules/@rollup/rollup-win32-arm64-msvc Completed in 8ms
181 timing reifyNode:node_modules/@rollup/rollup-openharmony-arm64 Completed in 8ms
182 timing reifyNode:node_modules/@rollup/rollup-linux-x64-musl Completed in 8ms
183 timing reifyNode:node_modules/@rollup/rollup-linux-x64-gnu Completed in 9ms
184 timing reifyNode:node_modules/@rollup/rollup-linux-s390x-gnu Completed in 9ms
185 timing reifyNode:node_modules/@rollup/rollup-linux-riscv64-musl Completed in 9ms
186 timing reifyNode:node_modules/@rollup/rollup-linux-riscv64-gnu Completed in 9ms
187 timing reifyNode:node_modules/@rollup/rollup-linux-ppc64-gnu Completed in 9ms
188 timing reifyNode:node_modules/@rollup/rollup-linux-loong64-gnu Completed in 9ms
189 timing reifyNode:node_modules/@rollup/rollup-linux-arm64-musl Completed in 9ms
190 timing reifyNode:node_modules/@rollup/rollup-linux-arm64-gnu Completed in 9ms
191 timing reifyNode:node_modules/@rollup/rollup-linux-arm-musleabihf Completed in 9ms
192 timing reifyNode:node_modules/@rollup/rollup-linux-arm-gnueabihf Completed in 9ms
193 timing reifyNode:node_modules/@rollup/rollup-freebsd-x64 Completed in 9ms
194 timing reifyNode:node_modules/@rollup/rollup-freebsd-arm64 Completed in 9ms
195 timing reifyNode:node_modules/@rollup/rollup-darwin-x64 Completed in 9ms
196 timing reifyNode:node_modules/@rollup/rollup-android-arm64 Completed in 8ms
197 timing reifyNode:node_modules/@rollup/rollup-android-arm-eabi Completed in 8ms
198 timing reifyNode:node_modules/@esbuild/win32-x64 Completed in 8ms
199 timing reifyNode:node_modules/@esbuild/win32-ia32 Completed in 8ms
200 timing reifyNode:node_modules/@esbuild/win32-arm64 Completed in 8ms
201 timing reifyNode:node_modules/@esbuild/sunos-x64 Completed in 8ms
202 timing reifyNode:node_modules/@esbuild/openharmony-arm64 Completed in 8ms
203 timing reifyNode:node_modules/@esbuild/openbsd-x64 Completed in 8ms
204 timing reifyNode:node_modules/@esbuild/openbsd-arm64 Completed in 8ms
205 timing reifyNode:node_modules/@esbuild/netbsd-x64 Completed in 8ms
206 timing reifyNode:node_modules/@esbuild/netbsd-arm64 Completed in 8ms
207 timing reifyNode:node_modules/@esbuild/linux-x64 Completed in 8ms
208 timing reifyNode:node_modules/@esbuild/linux-s390x Completed in 8ms
209 timing reifyNode:node_modules/@esbuild/linux-riscv64 Completed in 8ms
210 timing reifyNode:node_modules/@esbuild/linux-ppc64 Completed in 8ms
211 timing reifyNode:node_modules/@esbuild/linux-mips64el Completed in 8ms
212 timing reifyNode:node_modules/@esbuild/linux-loong64 Completed in 8ms
213 timing reifyNode:node_modules/@esbuild/linux-ia32 Completed in 8ms
214 timing reifyNode:node_modules/@esbuild/linux-arm64 Completed in 8ms
215 timing reifyNode:node_modules/@esbuild/linux-arm Completed in 8ms
216 timing reifyNode:node_modules/@esbuild/freebsd-x64 Completed in 8ms
217 timing reifyNode:node_modules/@esbuild/freebsd-arm64 Completed in 8ms
218 timing reifyNode:node_modules/@esbuild/darwin-x64 Completed in 8ms
219 timing reifyNode:node_modules/@esbuild/android-x64 Completed in 8ms
220 timing reifyNode:node_modules/@esbuild/android-arm64 Completed in 8ms
221 timing reifyNode:node_modules/@esbuild/android-arm Completed in 8ms
222 timing reifyNode:node_modules/@esbuild/aix-ppc64 Completed in 9ms
223 silly tarball no local data for typescript@https://registry.npmjs.org/typescript/-/typescript-5.9.3.tgz. Extracting by manifest.
224 http fetch POST 200 https://registry.npmjs.org/-/npm/v1/security/advisories/bulk 431ms
225 timing auditReport:getReport Completed in 436ms
226 silly audit report {
226 silly audit report   vite: [
226 silly audit report     {
226 silly audit report       id: 1107324,
226 silly audit report       url: 'https://github.com/advisories/GHSA-g4jq-h2w9-997c',
226 silly audit report       title: 'Vite middleware may serve files starting with the same name with the public directory',
226 silly audit report       severity: 'low',
226 silly audit report       vulnerable_versions: '>=6.0.0 <=6.3.5',
226 silly audit report       cwe: [Array],
226 silly audit report       cvss: [Object]
226 silly audit report     },
226 silly audit report     {
226 silly audit report       id: 1107328,
226 silly audit report       url: 'https://github.com/advisories/GHSA-jqfw-vq24-v9c3',
226 silly audit report       title: "Vite's `server.fs` settings were not applied to HTML files",
226 silly audit report       severity: 'low',
226 silly audit report       vulnerable_versions: '>=6.0.0 <=6.3.5',
226 silly audit report       cwe: [Array],
226 silly audit report       cvss: [Object]
226 silly audit report     },
226 silly audit report     {
226 silly audit report       id: 1109135,
226 silly audit report       url: 'https://github.com/advisories/GHSA-93m4-6634-74q7',
226 silly audit report       title: 'vite allows server.fs.deny bypass via backslash on Windows',
226 silly audit report       severity: 'moderate',
226 silly audit report       vulnerable_versions: '>=6.0.0 <=6.4.0',
226 silly audit report       cwe: [Array],
226 silly audit report       cvss: [Object]
226 silly audit report     }
226 silly audit report   ]
226 silly audit report }
227 timing metavuln:cache:get:security-advisory:vite:0uerD0bg2wLpA2p8gFFFUIFeutSBDzFl98dN45i4u1EYj3EvJW03UyjO7tQ7Nk8yLBSi8rbvxI4k8C+oCGWubg== Completed in 6ms
228 timing metavuln:cache:get:security-advisory:vite:Tg1igN5ImUILB7iL3lCsdCfvryCmdwXKQoLrV9oZh5qkz8tTcdwqqtt4Gpb4Z+ybfbkRa+CBnUNY2uVy1+5EAA== Completed in 7ms
229 timing metavuln:cache:get:security-advisory:vite:lhMAfW6KGSgCoRssD7e9LUKdutS+l4nPk6asDknTsbkWI2UMyL0z8LPAXleuo5qPagcVjQxgCtMH3fz1kzkSYA== Completed in 7ms
230 http fetch GET 200 https://registry.npmjs.org/vite 21ms (cache hit)
231 timing metavuln:packument:vite Completed in 38ms
232 timing metavuln:load:security-advisory:vite:1107324 Completed in 5ms
233 timing metavuln:calculate:security-advisory:vite:1107324 Completed in 43ms
234 timing metavuln:load:security-advisory:vite:1107328 Completed in 3ms
235 timing metavuln:calculate:security-advisory:vite:1107328 Completed in 45ms
236 timing metavuln:load:security-advisory:vite:1109135 Completed in 4ms
237 timing metavuln:calculate:security-advisory:vite:1109135 Completed in 49ms
238 timing metavuln:cache:get:security-advisory:@vitejs/plugin-react-swc:3qiF8jI/jly0xhrUs2yb+VEu75Z8djbVXL79Bt/xPM0kAJHcZoEklBWd9/xrPt0uN37GwhAhl+bqSEeiQ75u6g== Completed in 12ms
239 http fetch GET 200 https://registry.npmjs.org/@vitejs%2fplugin-react-swc 14ms (cache hit)
240 timing metavuln:packument:@vitejs/plugin-react-swc Completed in 15ms
241 timing metavuln:load:security-advisory:@vitejs/plugin-react-swc:Tg1igN5ImUILB7iL3lCsdCfvryCmdwXKQoLrV9oZh5qkz8tTcdwqqtt4Gpb4Z+ybfbkRa+CBnUNY2uVy1+5EAA== Completed in 0ms
242 timing metavuln:calculate:security-advisory:@vitejs/plugin-react-swc:Tg1igN5ImUILB7iL3lCsdCfvryCmdwXKQoLrV9oZh5qkz8tTcdwqqtt4Gpb4Z+ybfbkRa+CBnUNY2uVy1+5EAA== Completed in 15ms
243 timing auditReport:init Completed in 71ms
244 timing reify:audit Completed in 510ms
245 http fetch GET 200 https://registry.npmjs.org/typescript/-/typescript-5.9.3.tgz 2785ms (cache miss)
246 timing reifyNode:node_modules/typescript Completed in 2799ms
247 timing reify:unpack Completed in 2799ms
248 timing reify:unretire Completed in 0ms
249 timing build:queue Completed in 1ms
250 timing build:link:node_modules/typescript Completed in 2ms
251 timing build:link Completed in 2ms
252 timing build:deps Completed in 4ms
253 timing build Completed in 5ms
254 timing reify:build Completed in 6ms
255 timing reify:trash Completed in 16ms
256 timing reify:save Completed in 150ms
257 timing reify Completed in 5100ms
258 silly ADD node_modules/typescript
259 silly ADD
260 silly ADD
261 silly ADD
262 silly ADD
263 silly ADD
264 silly ADD
265 silly ADD
266 silly ADD
267 silly ADD
268 silly ADD
269 silly ADD
270 silly ADD
271 silly ADD
272 silly ADD
273 silly ADD
274 silly ADD
275 silly ADD
276 silly ADD
277 silly ADD
278 silly ADD
279 silly ADD
280 silly ADD
281 silly ADD
282 silly ADD
283 silly ADD
284 silly ADD
285 silly ADD
286 silly ADD
287 silly ADD
288 silly ADD
289 silly ADD
290 silly ADD
291 silly ADD
292 silly ADD
293 silly ADD
294 silly ADD
295 silly ADD
296 silly ADD
297 silly ADD
298 silly ADD
299 silly ADD
300 silly ADD
301 silly ADD
302 silly ADD
303 silly ADD
304 silly ADD
305 silly ADD
306 silly ADD
307 silly ADD
308 silly ADD
309 silly ADD
310 silly ADD
311 silly ADD
312 silly ADD
313 silly ADD
314 timing command:install Completed in 5151ms
315 verbose exit 0
316 timing npm Completed in 5252ms
317 info ok
